{"numTotalTestSuites":26,"numPassedTestSuites":2,"numFailedTestSuites":24,"numPendingTestSuites":0,"numTotalTests":51,"numPassedTests":15,"numFailedTests":36,"numPendingTests":0,"numTodoTests":0,"snapshot":{"added":0,"failure":false,"filesAdded":0,"filesRemoved":0,"filesRemovedList":[],"filesUnmatched":0,"filesUpdated":0,"matched":0,"total":0,"unchecked":0,"uncheckedKeysByFile":[],"unmatched":0,"updated":0,"didUpdate":false},"startTime":1775737372778,"success":false,"testResults":[{"assertionResults":[{"ancestorTitles":["BriefGenerator","Rendering"],"fullName":"BriefGenerator Rendering renders the Tactical Brief heading","status":"passed","title":"renders the Tactical Brief heading","duration":15.40158299999996,"failureMessages":[],"meta":{},"tags":[]},{"ancestorTitles":["BriefGenerator","Rendering"],"fullName":"BriefGenerator Rendering renders the Export Intel Dossier subtitle","status":"passed","title":"renders the Export Intel Dossier subtitle","duration":1.9709589999999935,"failureMessages":[],"meta":{},"tags":[]},{"ancestorTitles":["BriefGenerator","Rendering"],"fullName":"BriefGenerator Rendering renders a description about the brief","status":"passed","title":"renders a description about the brief","duration":1.5535409999999956,"failureMessages":[],"meta":{},"tags":[]},{"ancestorTitles":["BriefGenerator","Copy to Clipboard"],"fullName":"BriefGenerator Copy to Clipboard copies the brief text to clipboard when copy button is clicked","status":"passed","title":"copies the brief text to clipboard when copy button is clicked","duration":58.78662500000007,"failureMessages":[],"meta":{},"tags":[]},{"ancestorTitles":["BriefGenerator","Copy to Clipboard"],"fullName":"BriefGenerator Copy to Clipboard shows Check icon after copying","status":"failed","title":"shows Check icon after copying","duration":1013.7847499999999,"failureMessages":["Error: Unable to find an element by: [data-testid=\"check-icon\"]\n\nIgnored nodes: comments, script, style\n\u001b[36m<body>\u001b[39m\n  \u001b[36m<div>\u001b[39m\n    \u001b[36m<div\u001b[39m\n      \u001b[33mclass\u001b[39m=\u001b[32m\"flex flex-col gap-4 p-6 bg-slate-50 dark:bg-slate-900/50 rounded-3xl border border-slate-200 dark:border-white/5\"\u001b[39m\n    \u001b[36m>\u001b[39m\n      \u001b[36m<div\u001b[39m\n        \u001b[33mclass\u001b[39m=\u001b[32m\"flex items-center justify-between\"\u001b[39m\n      \u001b[36m>\u001b[39m\n        \u001b[36m<div\u001b[39m\n          \u001b[33mclass\u001b[39m=\u001b[32m\"flex items-center gap-3\"\u001b[39m\n        \u001b[36m>\u001b[39m\n          \u001b[36m<div\u001b[39m\n            \u001b[33mclass\u001b[39m=\u001b[32m\"w-10 h-10 rounded-2xl bg-emerald-500/10 flex items-center justify-center text-emerald-500\"\u001b[39m\n          \u001b[36m>\u001b[39m\n            \u001b[36m<svg\u001b[39m\n              \u001b[33mclass\u001b[39m=\u001b[32m\"lucide lucide-file-text w-5 h-5\"\u001b[39m\n              \u001b[33mfill\u001b[39m=\u001b[32m\"none\"\u001b[39m\n              \u001b[33mheight\u001b[39m=\u001b[32m\"24\"\u001b[39m\n              \u001b[33mstroke\u001b[39m=\u001b[32m\"currentColor\"\u001b[39m\n              \u001b[33mstroke-linecap\u001b[39m=\u001b[32m\"round\"\u001b[39m\n              \u001b[33mstroke-linejoin\u001b[39m=\u001b[32m\"round\"\u001b[39m\n              \u001b[33mstroke-width\u001b[39m=\u001b[32m\"2\"\u001b[39m\n              \u001b[33mviewBox\u001b[39m=\u001b[32m\"0 0 24 24\"\u001b[39m\n              \u001b[33mwidth\u001b[39m=\u001b[32m\"24\"\u001b[39m\n              \u001b[33mxmlns\u001b[39m=\u001b[32m\"http://www.w3.org/2000/svg\"\u001b[39m\n            \u001b[36m>\u001b[39m\n              \u001b[36m<path\u001b[39m\n                \u001b[33md\u001b[39m=\u001b[32m\"M15 2H6a2 2 0 0 0-2 2v16a2 2 0 0 0 2 2h12a2 2 0 0 0 2-2V7Z\"\u001b[39m\n              \u001b[36m/>\u001b[39m\n              \u001b[36m<path\u001b[39m\n                \u001b[33md\u001b[39m=\u001b[32m\"M14 2v4a2 2 0 0 0 2 2h4\"\u001b[39m\n              \u001b[36m/>\u001b[39m\n              \u001b[36m<path\u001b[39m\n                \u001b[33md\u001b[39m=\u001b[32m\"M10 9H8\"\u001b[39m\n              \u001b[36m/>\u001b[39m\n              \u001b[36m<path\u001b[39m\n                \u001b[33md\u001b[39m=\u001b[32m\"M16 13H8\"\u001b[39m\n              \u001b[36m/>\u001b[39m\n              \u001b[36m<path\u001b[39m\n                \u001b[33md\u001b[39m=\u001b[32m\"M16 17H8\"\u001b[39m\n              \u001b[36m/>\u001b[39m\n            \u001b[36m</svg>\u001b[39m\n          \u001b[36m</div>\u001b[39m\n          \u001b[36m<div>\u001b[39m\n            \u001b[36m<h3\u001b[39m\n              \u001b[33mclass\u001b[39m=\u001b[32m\"text-sm font-black text-slate-800 dark:text-white uppercase tracking-widest\"\u001b[39m\n            \u001b[36m>\u001b[39m\n              \u001b[0mTactical Brief\u001b[0m\n            \u001b[36m</h3>\u001b[39m\n            \u001b[36m<p\u001b[39m\n              \u001b[33mclass\u001b[39m=\u001b[32m\"text-[10px] font-bold text-slate-400 uppercase tracking-tighter\"\u001b[39m\n            \u001b[36m>\u001b[39m\n              \u001b[0mExport Intel Dossier\u001b[0m\n            \u001b[36m</p>\u001b[39m\n          \u001b[36m</div>\u001b[39m\n        \u001b[36m</div>\u001b[39m\n        \u001b[36m<div\u001b[39m\n          \u001b[33mclass\u001b[39m=\u001b[32m\"flex gap-2\"\u001b[39m\n        \u001b[36m>\u001b[39m\n          \u001b[36m<button\u001b[39m\n            \u001b[33mclass\u001b[39m=\u001b[32m\"p-2.5 rounded-xl bg-white dark:bg-slate-800 border border-slate-200 dark:border-white/10 hover:border-emerald-500 transition-all group\"\u001b[39m\n          \u001b[36m>\u001b[39m\n            \u001b[36m<svg\u001b[39m\n              \u001b[33mclass\u001b[39m=\u001b[32m\"lucide lucide-check w-4 h-4 text-emerald-500\"\u001b[39m\n              \u001b[33mfill\u001b[39m=\u001b[32m\"none\"\u001b[39m\n              \u001b[33mheight\u001b[39m=\u001b[32m\"24\"\u001b[39m\n              \u001b[33mstroke\u001b[39m=\u001b[32m\"currentColor\"\u001b[39m\n              \u001b[33mstroke-linecap\u001b[39m=\u001b[32m\"round\"\u001b[39m\n              \u001b[33mstroke-linejoin\u001b[39m=\u001b[32m\"round\"\u001b[39m\n              \u001b[33mstroke-width\u001b[39m=\u001b[32m\"2\"\u001b[39m\n              \u001b[33mviewBox\u001b[39m=\u001b[32m\"0 0 24 24\"\u001b[39m\n              \u001b[33mwidth\u001b[39m=\u001b[32m\"24\"\u001b[39m\n              \u001b[33mxmlns\u001b[39m=\u001b[32m\"http://www.w3.org/2000/svg\"\u001b[39m\n            \u001b[36m>\u001b[39m\n              \u001b[36m<path\u001b[39m\n                \u001b[33md\u001b[39m=\u001b[32m\"M20 6 9 17l-5-5\"\u001b[39m\n              \u001b[36m/>\u001b[39m\n            \u001b[36m</svg>\u001b[39m\n          \u001b[36m</button>\u001b[39m\n        \u001b[36m</div>\u001b[39m\n      \u001b[36m</div>\u001b[39m\n      \u001b[36m<p\u001b[39m\n        \u001b[33mclass\u001b[39m=\u001b[32m\"text-[11px] text-slate-500 dark:text-slate-400 leading-relaxed font-medium\"\u001b[39m\n      \u001b[36m>\u001b[39m\n        \u001b[0mGenerate a standardized text-based briefing for offline use or mission planning. Includes all real-time security vectors.\u001b[0m\n      \u001b[36m</p>\u001b[39m\n    \u001b[36m</div>\u001b[39m\n  \u001b[36m</div>\u001b[39m\n\u001b[36m</body>\u001b[39m\n    at waitForWrapper (/Users/sawan/Desktop/is it safe copy/node_modules/@testing-library/dom/dist/wait-for.js:163:27)\n    at /Users/sawan/Desktop/is it safe copy/node_modules/@testing-library/dom/dist/query-helpers.js:86:33\n    at /Users/sawan/Desktop/is it safe copy/src/components/BriefGenerator.test.tsx:66:38\n    at file:///Users/sawan/Desktop/is%20it%20safe%20copy/node_modules/@vitest/runner/dist/chunk-artifact.js:302:11\n    at file:///Users/sawan/Desktop/is%20it%20safe%20copy/node_modules/@vitest/runner/dist/chunk-artifact.js:1903:26\n    at file:///Users/sawan/Desktop/is%20it%20safe%20copy/node_modules/@vitest/runner/dist/chunk-artifact.js:2326:20\n    at new Promise (<anonymous>)\n    at runWithCancel (file:///Users/sawan/Desktop/is%20it%20safe%20copy/node_modules/@vitest/runner/dist/chunk-artifact.js:2323:10)\n    at file:///Users/sawan/Desktop/is%20it%20safe%20copy/node_modules/@vitest/runner/dist/chunk-artifact.js:2305:20\n    at new Promise (<anonymous>)"],"meta":{},"tags":[]},{"ancestorTitles":["BriefGenerator","Brief Content"],"fullName":"BriefGenerator Brief Content includes location name in the brief","status":"passed","title":"includes location name in the brief","duration":20.298541000000114,"failureMessages":[],"meta":{},"tags":[]},{"ancestorTitles":["BriefGenerator","Brief Content"],"fullName":"BriefGenerator Brief Content includes security rating and score in the brief","status":"passed","title":"includes security rating and score in the brief","duration":7.989417000000003,"failureMessages":[],"meta":{},"tags":[]},{"ancestorTitles":["BriefGenerator","Brief Content"],"fullName":"BriefGenerator Brief Content includes emergency contacts in the brief","status":"passed","title":"includes emergency contacts in the brief","duration":5.687124999999924,"failureMessages":[],"meta":{},"tags":[]},{"ancestorTitles":["BriefGenerator","Brief Content"],"fullName":"BriefGenerator Brief Content includes travel requirements in the brief","status":"passed","title":"includes travel requirements in the brief","duration":4.894041999999899,"failureMessages":[],"meta":{},"tags":[]},{"ancestorTitles":["BriefGenerator","Brief Content"],"fullName":"BriefGenerator Brief Content includes tips/operational directives in the brief","status":"passed","title":"includes tips/operational directives in the brief","duration":5.463707999999997,"failureMessages":[],"meta":{},"tags":[]},{"ancestorTitles":["BriefGenerator","Brief Content"],"fullName":"BriefGenerator Brief Content includes logistics and airspace info in the brief","status":"passed","title":"includes logistics and airspace info in the brief","duration":4.316915999999992,"failureMessages":[],"meta":{},"tags":[]},{"ancestorTitles":["BriefGenerator","Brief Content"],"fullName":"BriefGenerator Brief Content includes population and land area in the brief","status":"passed","title":"includes population and land area in the brief","duration":3.9722079999999096,"failureMessages":[],"meta":{},"tags":[]},{"ancestorTitles":["BriefGenerator","Brief Content"],"fullName":"BriefGenerator Brief Content includes news items in the brief","status":"passed","title":"includes news items in the brief","duration":3.7530410000001666,"failureMessages":[],"meta":{},"tags":[]},{"ancestorTitles":["BriefGenerator","Edge Cases"],"fullName":"BriefGenerator Edge Cases handles empty tips array gracefully","status":"failed","title":"handles empty tips array gracefully","duration":6.3091249999999945,"failureMessages":["AssertionError: expected '[ SENTINEL TACTICAL BRIEF ]\\nLOCATION…' to contain 'No recent headlines detected'\n    at /Users/sawan/Desktop/is it safe copy/src/components/BriefGenerator.test.tsx:163:26\n    at file:///Users/sawan/Desktop/is%20it%20safe%20copy/node_modules/@vitest/runner/dist/chunk-artifact.js:302:11\n    at file:///Users/sawan/Desktop/is%20it%20safe%20copy/node_modules/@vitest/runner/dist/chunk-artifact.js:1903:26\n    at file:///Users/sawan/Desktop/is%20it%20safe%20copy/node_modules/@vitest/runner/dist/chunk-artifact.js:2326:20\n    at new Promise (<anonymous>)\n    at runWithCancel (file:///Users/sawan/Desktop/is%20it%20safe%20copy/node_modules/@vitest/runner/dist/chunk-artifact.js:2323:10)\n    at file:///Users/sawan/Desktop/is%20it%20safe%20copy/node_modules/@vitest/runner/dist/chunk-artifact.js:2305:20\n    at new Promise (<anonymous>)\n    at runWithTimeout (file:///Users/sawan/Desktop/is%20it%20safe%20copy/node_modules/@vitest/runner/dist/chunk-artifact.js:2272:10)\n    at file:///Users/sawan/Desktop/is%20it%20safe%20copy/node_modules/@vitest/runner/dist/chunk-artifact.js:2955:64"],"meta":{},"tags":[]},{"ancestorTitles":["BriefGenerator","Edge Cases"],"fullName":"BriefGenerator Edge Cases handles empty news array gracefully","status":"passed","title":"handles empty news array gracefully","duration":3.225708000000168,"failureMessages":[],"meta":{},"tags":[]},{"ancestorTitles":["BriefGenerator","Edge Cases"],"fullName":"BriefGenerator Edge Cases handles restricted airspace in the brief","status":"passed","title":"handles restricted airspace in the brief","duration":3.0909169999999904,"failureMessages":[],"meta":{},"tags":[]},{"ancestorTitles":["BriefGenerator","Edge Cases"],"fullName":"BriefGenerator Edge Cases handles closed airspace in the brief","status":"passed","title":"handles closed airspace in the brief","duration":2.9023329999999987,"failureMessages":[],"meta":{},"tags":[]}],"startTime":1775737373598,"endTime":1775737374761.9023,"status":"failed","message":"","name":"/Users/sawan/Desktop/is it safe copy/src/components/BriefGenerator.test.tsx"},{"assertionResults":[{"ancestorTitles":["SafetyCard","Empty State"],"fullName":"SafetyCard Empty State renders empty state when location and assessment are null","status":"failed","title":"renders empty state when location and assessment are null","duration":17.48183300000005,"failureMessages":["TestingLibraryElementError: Unable to find an element with the text: Select a Destination. This could be because the text is broken up by multiple elements. In this case, you can provide a function for your text matcher to make your matcher more flexible.\n\nIgnored nodes: comments, script, style\n\u001b[36m<body>\u001b[39m\n  \u001b[36m<div>\u001b[39m\n    \u001b[36m<div\u001b[39m\n      \u001b[33mclass\u001b[39m=\u001b[32m\"relative rounded-3xl bg-gradient-to-br from-slate-800/50 to-slate-900/50 backdrop-blur-xl border border-slate-700/50 p-10 text-center\"\u001b[39m\n    \u001b[36m>\u001b[39m\n      \u001b[36m<div\u001b[39m\n        \u001b[33mclass\u001b[39m=\u001b[32m\"w-20 h-20 rounded-3xl bg-gradient-to-br from-violet-500/20 to-pink-500/20 flex items-center justify-center mx-auto mb-5\"\u001b[39m\n      \u001b[36m>\u001b[39m\n        \u001b[36m<svg\u001b[39m\n          \u001b[33mclass\u001b[39m=\u001b[32m\"lucide lucide-globe w-10 h-10 text-violet-400\"\u001b[39m\n          \u001b[33mfill\u001b[39m=\u001b[32m\"none\"\u001b[39m\n          \u001b[33mheight\u001b[39m=\u001b[32m\"24\"\u001b[39m\n          \u001b[33mstroke\u001b[39m=\u001b[32m\"currentColor\"\u001b[39m\n          \u001b[33mstroke-linecap\u001b[39m=\u001b[32m\"round\"\u001b[39m\n          \u001b[33mstroke-linejoin\u001b[39m=\u001b[32m\"round\"\u001b[39m\n          \u001b[33mstroke-width\u001b[39m=\u001b[32m\"2\"\u001b[39m\n          \u001b[33mviewBox\u001b[39m=\u001b[32m\"0 0 24 24\"\u001b[39m\n          \u001b[33mwidth\u001b[39m=\u001b[32m\"24\"\u001b[39m\n          \u001b[33mxmlns\u001b[39m=\u001b[32m\"http://www.w3.org/2000/svg\"\u001b[39m\n        \u001b[36m>\u001b[39m\n          \u001b[36m<circle\u001b[39m\n            \u001b[33mcx\u001b[39m=\u001b[32m\"12\"\u001b[39m\n            \u001b[33mcy\u001b[39m=\u001b[32m\"12\"\u001b[39m\n            \u001b[33mr\u001b[39m=\u001b[32m\"10\"\u001b[39m\n          \u001b[36m/>\u001b[39m\n          \u001b[36m<path\u001b[39m\n            \u001b[33md\u001b[39m=\u001b[32m\"M12 2a14.5 14.5 0 0 0 0 20 14.5 14.5 0 0 0 0-20\"\u001b[39m\n          \u001b[36m/>\u001b[39m\n          \u001b[36m<path\u001b[39m\n            \u001b[33md\u001b[39m=\u001b[32m\"M2 12h20\"\u001b[39m\n          \u001b[36m/>\u001b[39m\n        \u001b[36m</svg>\u001b[39m\n      \u001b[36m</div>\u001b[39m\n      \u001b[36m<h2\u001b[39m\n        \u001b[33mclass\u001b[39m=\u001b[32m\"text-xl font-black text-white mb-2\"\u001b[39m\n      \u001b[36m>\u001b[39m\n        \u001b[0mReady to explore?\u001b[0m\n      \u001b[36m</h2>\u001b[39m\n      \u001b[36m<p\u001b[39m\n        \u001b[33mclass\u001b[39m=\u001b[32m\"text-sm text-slate-400\"\u001b[39m\n      \u001b[36m>\u001b[39m\n        \u001b[0mSearch or tap the map to check a destination\u001b[0m\n      \u001b[36m</p>\u001b[39m\n    \u001b[36m</div>\u001b[39m\n  \u001b[36m</div>\u001b[39m\n\u001b[36m</body>\u001b[39m\n    at Object.getElementError (/Users/sawan/Desktop/is it safe copy/node_modules/@testing-library/dom/dist/config.js:37:19)\n    at /Users/sawan/Desktop/is it safe copy/node_modules/@testing-library/dom/dist/query-helpers.js:76:38\n    at /Users/sawan/Desktop/is it safe copy/node_modules/@testing-library/dom/dist/query-helpers.js:52:17\n    at /Users/sawan/Desktop/is it safe copy/node_modules/@testing-library/dom/dist/query-helpers.js:95:19\n    at /Users/sawan/Desktop/is it safe copy/src/components/SafetyCard.test.tsx:31:21\n    at file:///Users/sawan/Desktop/is%20it%20safe%20copy/node_modules/@vitest/runner/dist/chunk-artifact.js:302:11\n    at file:///Users/sawan/Desktop/is%20it%20safe%20copy/node_modules/@vitest/runner/dist/chunk-artifact.js:1903:26\n    at file:///Users/sawan/Desktop/is%20it%20safe%20copy/node_modules/@vitest/runner/dist/chunk-artifact.js:2326:20\n    at new Promise (<anonymous>)\n    at runWithCancel (file:///Users/sawan/Desktop/is%20it%20safe%20copy/node_modules/@vitest/runner/dist/chunk-artifact.js:2323:10)"],"meta":{},"tags":[]},{"ancestorTitles":["SafetyCard","Loading State"],"fullName":"SafetyCard Loading State renders skeleton loading UI when isLoading is true","status":"failed","title":"renders skeleton loading UI when isLoading is true","duration":2.590667000000053,"failureMessages":["Error: expect(received).toBeInTheDocument()\n\nreceived value must be an HTMLElement or an SVGElement.\nReceived has type:  Null\nReceived has value: null\n    at Proxy.__VITEST_EXTEND_ASSERTION__ (file:///Users/sawan/Desktop/is%20it%20safe%20copy/node_modules/@vitest/expect/dist/index.js:1872:36)\n    at Proxy.<anonymous> (file:///Users/sawan/Desktop/is%20it%20safe%20copy/node_modules/@vitest/expect/dist/index.js:1156:15)\n    at Proxy.methodWrapper (file:///Users/sawan/Desktop/is%20it%20safe%20copy/node_modules/chai/index.js:1700:25)\n    at /Users/sawan/Desktop/is it safe copy/src/components/SafetyCard.test.tsx:49:56\n    at file:///Users/sawan/Desktop/is%20it%20safe%20copy/node_modules/@vitest/runner/dist/chunk-artifact.js:302:11\n    at file:///Users/sawan/Desktop/is%20it%20safe%20copy/node_modules/@vitest/runner/dist/chunk-artifact.js:1903:26\n    at file:///Users/sawan/Desktop/is%20it%20safe%20copy/node_modules/@vitest/runner/dist/chunk-artifact.js:2326:20\n    at new Promise (<anonymous>)\n    at runWithCancel (file:///Users/sawan/Desktop/is%20it%20safe%20copy/node_modules/@vitest/runner/dist/chunk-artifact.js:2323:10)\n    at file:///Users/sawan/Desktop/is%20it%20safe%20copy/node_modules/@vitest/runner/dist/chunk-artifact.js:2305:20"],"meta":{},"tags":[]},{"ancestorTitles":["SafetyCard","Error State"],"fullName":"SafetyCard Error State renders error state with message when error is present","status":"failed","title":"renders error state with message when error is present","duration":1.865165999999931,"failureMessages":["TestingLibraryElementError: Unable to find an element with the text: Analysis Failure. This could be because the text is broken up by multiple elements. In this case, you can provide a function for your text matcher to make your matcher more flexible.\n\nIgnored nodes: comments, script, style\n\u001b[36m<body>\u001b[39m\n  \u001b[36m<div>\u001b[39m\n    \u001b[36m<div\u001b[39m\n      \u001b[33mclass\u001b[39m=\u001b[32m\"relative rounded-3xl bg-gradient-to-br from-red-500/10 to-rose-500/10 backdrop-blur-xl border border-red-500/20 p-8 text-center\"\u001b[39m\n    \u001b[36m>\u001b[39m\n      \u001b[36m<div\u001b[39m\n        \u001b[33mclass\u001b[39m=\u001b[32m\"w-16 h-16 rounded-2xl bg-red-500/20 flex items-center justify-center mx-auto mb-4\"\u001b[39m\n      \u001b[36m>\u001b[39m\n        \u001b[36m<svg\u001b[39m\n          \u001b[33mclass\u001b[39m=\u001b[32m\"lucide lucide-shield-alert w-8 h-8 text-red-400\"\u001b[39m\n          \u001b[33mfill\u001b[39m=\u001b[32m\"none\"\u001b[39m\n          \u001b[33mheight\u001b[39m=\u001b[32m\"24\"\u001b[39m\n          \u001b[33mstroke\u001b[39m=\u001b[32m\"currentColor\"\u001b[39m\n          \u001b[33mstroke-linecap\u001b[39m=\u001b[32m\"round\"\u001b[39m\n          \u001b[33mstroke-linejoin\u001b[39m=\u001b[32m\"round\"\u001b[39m\n          \u001b[33mstroke-width\u001b[39m=\u001b[32m\"2\"\u001b[39m\n          \u001b[33mviewBox\u001b[39m=\u001b[32m\"0 0 24 24\"\u001b[39m\n          \u001b[33mwidth\u001b[39m=\u001b[32m\"24\"\u001b[39m\n          \u001b[33mxmlns\u001b[39m=\u001b[32m\"http://www.w3.org/2000/svg\"\u001b[39m\n        \u001b[36m>\u001b[39m\n          \u001b[36m<path\u001b[39m\n            \u001b[33md\u001b[39m=\u001b[32m\"M12 22s8-4 8-10V5l-8-3-8 3v7c0 6 8 10 8 10\"\u001b[39m\n          \u001b[36m/>\u001b[39m\n          \u001b[36m<path\u001b[39m\n            \u001b[33md\u001b[39m=\u001b[32m\"M12 8v4\"\u001b[39m\n          \u001b[36m/>\u001b[39m\n          \u001b[36m<path\u001b[39m\n            \u001b[33md\u001b[39m=\u001b[32m\"M12 16h.01\"\u001b[39m\n          \u001b[36m/>\u001b[39m\n        \u001b[36m</svg>\u001b[39m\n      \u001b[36m</div>\u001b[39m\n      \u001b[36m<h2\u001b[39m\n        \u001b[33mclass\u001b[39m=\u001b[32m\"text-lg font-bold text-white mb-2\"\u001b[39m\n      \u001b[36m>\u001b[39m\n        \u001b[0mOops! Something went wrong\u001b[0m\n      \u001b[36m</h2>\u001b[39m\n      \u001b[36m<p\u001b[39m\n        \u001b[33mclass\u001b[39m=\u001b[32m\"text-sm text-slate-400 mb-4\"\u001b[39m\n      \u001b[36m>\u001b[39m\n        \u001b[0mFailed to fetch safety data\u001b[0m\n      \u001b[36m</p>\u001b[39m\n      \u001b[36m<button\u001b[39m\n        \u001b[33mclass\u001b[39m=\u001b[32m\"px-6 py-3 bg-gradient-to-r from-violet-500 to-pink-500 text-white rounded-2xl text-sm font-bold shadow-lg shadow-violet-500/30\"\u001b[39m\n      \u001b[36m>\u001b[39m\n        \u001b[0mTry Again\u001b[0m\n      \u001b[36m</button>\u001b[39m\n    \u001b[36m</div>\u001b[39m\n  \u001b[36m</div>\u001b[39m\n\u001b[36m</body>\u001b[39m\n    at Object.getElementError (/Users/sawan/Desktop/is it safe copy/node_modules/@testing-library/dom/dist/config.js:37:19)\n    at /Users/sawan/Desktop/is it safe copy/node_modules/@testing-library/dom/dist/query-helpers.js:76:38\n    at /Users/sawan/Desktop/is it safe copy/node_modules/@testing-library/dom/dist/query-helpers.js:52:17\n    at /Users/sawan/Desktop/is it safe copy/node_modules/@testing-library/dom/dist/query-helpers.js:95:19\n    at /Users/sawan/Desktop/is it safe copy/src/components/SafetyCard.test.tsx:64:21\n    at file:///Users/sawan/Desktop/is%20it%20safe%20copy/node_modules/@vitest/runner/dist/chunk-artifact.js:302:11\n    at file:///Users/sawan/Desktop/is%20it%20safe%20copy/node_modules/@vitest/runner/dist/chunk-artifact.js:1903:26\n    at file:///Users/sawan/Desktop/is%20it%20safe%20copy/node_modules/@vitest/runner/dist/chunk-artifact.js:2326:20\n    at new Promise (<anonymous>)\n    at runWithCancel (file:///Users/sawan/Desktop/is%20it%20safe%20copy/node_modules/@vitest/runner/dist/chunk-artifact.js:2323:10)"],"meta":{},"tags":[]},{"ancestorTitles":["SafetyCard","Error State"],"fullName":"SafetyCard Error State calls window.location.reload when Reinitialize button is clicked","status":"failed","title":"calls window.location.reload when Reinitialize button is clicked","duration":51.92816700000003,"failureMessages":["TestingLibraryElementError: Unable to find an accessible element with the role \"button\" and name `/reinitialize system/i`\n\nHere are the accessible roles:\n\n  heading:\n\n  Name \"Oops! Something went wrong\":\n  \u001b[36m<h2\u001b[39m\n    \u001b[33mclass\u001b[39m=\u001b[32m\"text-lg font-bold text-white mb-2\"\u001b[39m\n  \u001b[36m/>\u001b[39m\n\n  --------------------------------------------------\n  paragraph:\n\n  Name \"\":\n  \u001b[36m<p\u001b[39m\n    \u001b[33mclass\u001b[39m=\u001b[32m\"text-sm text-slate-400 mb-4\"\u001b[39m\n  \u001b[36m/>\u001b[39m\n\n  --------------------------------------------------\n  button:\n\n  Name \"Try Again\":\n  \u001b[36m<button\u001b[39m\n    \u001b[33mclass\u001b[39m=\u001b[32m\"px-6 py-3 bg-gradient-to-r from-violet-500 to-pink-500 text-white rounded-2xl text-sm font-bold shadow-lg shadow-violet-500/30\"\u001b[39m\n  \u001b[36m/>\u001b[39m\n\n  --------------------------------------------------\n\nIgnored nodes: comments, script, style\n\u001b[36m<body>\u001b[39m\n  \u001b[36m<div>\u001b[39m\n    \u001b[36m<div\u001b[39m\n      \u001b[33mclass\u001b[39m=\u001b[32m\"relative rounded-3xl bg-gradient-to-br from-red-500/10 to-rose-500/10 backdrop-blur-xl border border-red-500/20 p-8 text-center\"\u001b[39m\n    \u001b[36m>\u001b[39m\n      \u001b[36m<div\u001b[39m\n        \u001b[33mclass\u001b[39m=\u001b[32m\"w-16 h-16 rounded-2xl bg-red-500/20 flex items-center justify-center mx-auto mb-4\"\u001b[39m\n      \u001b[36m>\u001b[39m\n        \u001b[36m<svg\u001b[39m\n          \u001b[33mclass\u001b[39m=\u001b[32m\"lucide lucide-shield-alert w-8 h-8 text-red-400\"\u001b[39m\n          \u001b[33mfill\u001b[39m=\u001b[32m\"none\"\u001b[39m\n          \u001b[33mheight\u001b[39m=\u001b[32m\"24\"\u001b[39m\n          \u001b[33mstroke\u001b[39m=\u001b[32m\"currentColor\"\u001b[39m\n          \u001b[33mstroke-linecap\u001b[39m=\u001b[32m\"round\"\u001b[39m\n          \u001b[33mstroke-linejoin\u001b[39m=\u001b[32m\"round\"\u001b[39m\n          \u001b[33mstroke-width\u001b[39m=\u001b[32m\"2\"\u001b[39m\n          \u001b[33mviewBox\u001b[39m=\u001b[32m\"0 0 24 24\"\u001b[39m\n          \u001b[33mwidth\u001b[39m=\u001b[32m\"24\"\u001b[39m\n          \u001b[33mxmlns\u001b[39m=\u001b[32m\"http://www.w3.org/2000/svg\"\u001b[39m\n        \u001b[36m>\u001b[39m\n          \u001b[36m<path\u001b[39m\n            \u001b[33md\u001b[39m=\u001b[32m\"M12 22s8-4 8-10V5l-8-3-8 3v7c0 6 8 10 8 10\"\u001b[39m\n          \u001b[36m/>\u001b[39m\n          \u001b[36m<path\u001b[39m\n            \u001b[33md\u001b[39m=\u001b[32m\"M12 8v4\"\u001b[39m\n          \u001b[36m/>\u001b[39m\n          \u001b[36m<path\u001b[39m\n            \u001b[33md\u001b[39m=\u001b[32m\"M12 16h.01\"\u001b[39m\n          \u001b[36m/>\u001b[39m\n        \u001b[36m</svg>\u001b[39m\n      \u001b[36m</div>\u001b[39m\n      \u001b[36m<h2\u001b[39m\n        \u001b[33mclass\u001b[39m=\u001b[32m\"text-lg font-bold text-white mb-2\"\u001b[39m\n      \u001b[36m>\u001b[39m\n        \u001b[0mOops! Something went wrong\u001b[0m\n      \u001b[36m</h2>\u001b[39m\n      \u001b[36m<p\u001b[39m\n        \u001b[33mclass\u001b[39m=\u001b[32m\"text-sm text-slate-400 mb-4\"\u001b[39m\n      \u001b[36m>\u001b[39m\n        \u001b[0mNetwork error\u001b[0m\n      \u001b[36m</p>\u001b[39m\n      \u001b[36m<button\u001b[39m\n        \u001b[33mclass\u001b[39m=\u001b[32m\"px-6 py-3 bg-gradient-to-r from-violet-500 to-pink-500 text-white rounded-2xl text-sm font-bold shadow-lg shadow-violet-500/30\"\u001b[39m\n      \u001b[36m>\u001b[39m\n        \u001b[0mTry Again\u001b[0m\n      \u001b[36m</button>\u001b[39m\n    \u001b[36m</div>\u001b[39m\n  \u001b[36m</div>\u001b[39m\n\u001b[36m</body>\u001b[39m\n    at Object.getElementError (/Users/sawan/Desktop/is it safe copy/node_modules/@testing-library/dom/dist/config.js:37:19)\n    at /Users/sawan/Desktop/is it safe copy/node_modules/@testing-library/dom/dist/query-helpers.js:76:38\n    at /Users/sawan/Desktop/is it safe copy/node_modules/@testing-library/dom/dist/query-helpers.js:52:17\n    at /Users/sawan/Desktop/is it safe copy/node_modules/@testing-library/dom/dist/query-helpers.js:95:19\n    at /Users/sawan/Desktop/is it safe copy/src/components/SafetyCard.test.tsx:87:30\n    at file:///Users/sawan/Desktop/is%20it%20safe%20copy/node_modules/@vitest/runner/dist/chunk-artifact.js:302:11\n    at file:///Users/sawan/Desktop/is%20it%20safe%20copy/node_modules/@vitest/runner/dist/chunk-artifact.js:1903:26\n    at file:///Users/sawan/Desktop/is%20it%20safe%20copy/node_modules/@vitest/runner/dist/chunk-artifact.js:2326:20\n    at new Promise (<anonymous>)\n    at runWithCancel (file:///Users/sawan/Desktop/is%20it%20safe%20copy/node_modules/@vitest/runner/dist/chunk-artifact.js:2323:10)"],"meta":{},"tags":[]},{"ancestorTitles":["SafetyCard","Data Rendering"],"fullName":"SafetyCard Data Rendering renders location name and country","status":"failed","title":"renders location name and country","duration":40.45291700000007,"failureMessages":["TypeError: Cannot read properties of undefined (reading 'score')\n    at RiskBar (/Users/sawan/Desktop/is it safe copy/src/components/SafetyCard.tsx:235:22)\n    at Object.react_stack_bottom_frame (/Users/sawan/Desktop/is it safe copy/node_modules/react-dom/cjs/react-dom-client.development.js:25904:20)\n    at renderWithHooks (/Users/sawan/Desktop/is it safe copy/node_modules/react-dom/cjs/react-dom-client.development.js:7662:22)\n    at updateFunctionComponent (/Users/sawan/Desktop/is it safe copy/node_modules/react-dom/cjs/react-dom-client.development.js:10166:19)\n    at beginWork (/Users/sawan/Desktop/is it safe copy/node_modules/react-dom/cjs/react-dom-client.development.js:11778:18)\n    at runWithFiberInDEV (/Users/sawan/Desktop/is it safe copy/node_modules/react-dom/cjs/react-dom-client.development.js:874:13)\n    at performUnitOfWork (/Users/sawan/Desktop/is it safe copy/node_modules/react-dom/cjs/react-dom-client.development.js:17641:22)\n    at workLoopSync (/Users/sawan/Desktop/is it safe copy/node_modules/react-dom/cjs/react-dom-client.development.js:17469:41)\n    at renderRootSync (/Users/sawan/Desktop/is it safe copy/node_modules/react-dom/cjs/react-dom-client.development.js:17450:11)\n    at performWorkOnRoot (/Users/sawan/Desktop/is it safe copy/node_modules/react-dom/cjs/react-dom-client.development.js:16583:35)"],"meta":{},"tags":[]},{"ancestorTitles":["SafetyCard","Data Rendering"],"fullName":"SafetyCard Data Rendering renders safety score and rating","status":"failed","title":"renders safety score and rating","duration":3.4635000000000673,"failureMessages":["TypeError: Cannot read properties of undefined (reading 'score')\n    at RiskBar (/Users/sawan/Desktop/is it safe copy/src/components/SafetyCard.tsx:235:22)\n    at Object.react_stack_bottom_frame (/Users/sawan/Desktop/is it safe copy/node_modules/react-dom/cjs/react-dom-client.development.js:25904:20)\n    at renderWithHooks (/Users/sawan/Desktop/is it safe copy/node_modules/react-dom/cjs/react-dom-client.development.js:7662:22)\n    at updateFunctionComponent (/Users/sawan/Desktop/is it safe copy/node_modules/react-dom/cjs/react-dom-client.development.js:10166:19)\n    at beginWork (/Users/sawan/Desktop/is it safe copy/node_modules/react-dom/cjs/react-dom-client.development.js:11778:18)\n    at runWithFiberInDEV (/Users/sawan/Desktop/is it safe copy/node_modules/react-dom/cjs/react-dom-client.development.js:874:13)\n    at performUnitOfWork (/Users/sawan/Desktop/is it safe copy/node_modules/react-dom/cjs/react-dom-client.development.js:17641:22)\n    at workLoopSync (/Users/sawan/Desktop/is it safe copy/node_modules/react-dom/cjs/react-dom-client.development.js:17469:41)\n    at renderRootSync (/Users/sawan/Desktop/is it safe copy/node_modules/react-dom/cjs/react-dom-client.development.js:17450:11)\n    at performWorkOnRoot (/Users/sawan/Desktop/is it safe copy/node_modules/react-dom/cjs/react-dom-client.development.js:16583:35)"],"meta":{},"tags":[]},{"ancestorTitles":["SafetyCard","Data Rendering"],"fullName":"SafetyCard Data Rendering renders population and land area from quickFacts","status":"failed","title":"renders population and land area from quickFacts","duration":2.956124999999929,"failureMessages":["TypeError: Cannot read properties of undefined (reading 'score')\n    at RiskBar (/Users/sawan/Desktop/is it safe copy/src/components/SafetyCard.tsx:235:22)\n    at Object.react_stack_bottom_frame (/Users/sawan/Desktop/is it safe copy/node_modules/react-dom/cjs/react-dom-client.development.js:25904:20)\n    at renderWithHooks (/Users/sawan/Desktop/is it safe copy/node_modules/react-dom/cjs/react-dom-client.development.js:7662:22)\n    at updateFunctionComponent (/Users/sawan/Desktop/is it safe copy/node_modules/react-dom/cjs/react-dom-client.development.js:10166:19)\n    at beginWork (/Users/sawan/Desktop/is it safe copy/node_modules/react-dom/cjs/react-dom-client.development.js:11778:18)\n    at runWithFiberInDEV (/Users/sawan/Desktop/is it safe copy/node_modules/react-dom/cjs/react-dom-client.development.js:874:13)\n    at performUnitOfWork (/Users/sawan/Desktop/is it safe copy/node_modules/react-dom/cjs/react-dom-client.development.js:17641:22)\n    at workLoopSync (/Users/sawan/Desktop/is it safe copy/node_modules/react-dom/cjs/react-dom-client.development.js:17469:41)\n    at renderRootSync (/Users/sawan/Desktop/is it safe copy/node_modules/react-dom/cjs/react-dom-client.development.js:17450:11)\n    at performWorkOnRoot (/Users/sawan/Desktop/is it safe copy/node_modules/react-dom/cjs/react-dom-client.development.js:16583:35)"],"meta":{},"tags":[]},{"ancestorTitles":["SafetyCard","Risk Bars"],"fullName":"SafetyCard Risk Bars renders all 8 safety dimensions as risk bars","status":"failed","title":"renders all 8 safety dimensions as risk bars","duration":2.8312080000000606,"failureMessages":["TypeError: Cannot read properties of undefined (reading 'score')\n    at RiskBar (/Users/sawan/Desktop/is it safe copy/src/components/SafetyCard.tsx:235:22)\n    at Object.react_stack_bottom_frame (/Users/sawan/Desktop/is it safe copy/node_modules/react-dom/cjs/react-dom-client.development.js:25904:20)\n    at renderWithHooks (/Users/sawan/Desktop/is it safe copy/node_modules/react-dom/cjs/react-dom-client.development.js:7662:22)\n    at updateFunctionComponent (/Users/sawan/Desktop/is it safe copy/node_modules/react-dom/cjs/react-dom-client.development.js:10166:19)\n    at beginWork (/Users/sawan/Desktop/is it safe copy/node_modules/react-dom/cjs/react-dom-client.development.js:11778:18)\n    at runWithFiberInDEV (/Users/sawan/Desktop/is it safe copy/node_modules/react-dom/cjs/react-dom-client.development.js:874:13)\n    at performUnitOfWork (/Users/sawan/Desktop/is it safe copy/node_modules/react-dom/cjs/react-dom-client.development.js:17641:22)\n    at workLoopSync (/Users/sawan/Desktop/is it safe copy/node_modules/react-dom/cjs/react-dom-client.development.js:17469:41)\n    at renderRootSync (/Users/sawan/Desktop/is it safe copy/node_modules/react-dom/cjs/react-dom-client.development.js:17450:11)\n    at performWorkOnRoot (/Users/sawan/Desktop/is it safe copy/node_modules/react-dom/cjs/react-dom-client.development.js:16583:35)"],"meta":{},"tags":[]},{"ancestorTitles":["SafetyCard","Risk Bars"],"fullName":"SafetyCard Risk Bars renders risk bar values correctly","status":"failed","title":"renders risk bar values correctly","duration":3.7922079999999596,"failureMessages":["TypeError: Cannot read properties of undefined (reading 'score')\n    at RiskBar (/Users/sawan/Desktop/is it safe copy/src/components/SafetyCard.tsx:235:22)\n    at Object.react_stack_bottom_frame (/Users/sawan/Desktop/is it safe copy/node_modules/react-dom/cjs/react-dom-client.development.js:25904:20)\n    at renderWithHooks (/Users/sawan/Desktop/is it safe copy/node_modules/react-dom/cjs/react-dom-client.development.js:7662:22)\n    at updateFunctionComponent (/Users/sawan/Desktop/is it safe copy/node_modules/react-dom/cjs/react-dom-client.development.js:10166:19)\n    at beginWork (/Users/sawan/Desktop/is it safe copy/node_modules/react-dom/cjs/react-dom-client.development.js:11778:18)\n    at runWithFiberInDEV (/Users/sawan/Desktop/is it safe copy/node_modules/react-dom/cjs/react-dom-client.development.js:874:13)\n    at performUnitOfWork (/Users/sawan/Desktop/is it safe copy/node_modules/react-dom/cjs/react-dom-client.development.js:17641:22)\n    at workLoopSync (/Users/sawan/Desktop/is it safe copy/node_modules/react-dom/cjs/react-dom-client.development.js:17469:41)\n    at renderRootSync (/Users/sawan/Desktop/is it safe copy/node_modules/react-dom/cjs/react-dom-client.development.js:17450:11)\n    at performWorkOnRoot (/Users/sawan/Desktop/is it safe copy/node_modules/react-dom/cjs/react-dom-client.development.js:16583:35)"],"meta":{},"tags":[]},{"ancestorTitles":["SafetyCard","Tips/Operational Directives"],"fullName":"SafetyCard Tips/Operational Directives renders all tips from the assessment","status":"failed","title":"renders all tips from the assessment","duration":3.6094590000000153,"failureMessages":["TypeError: Cannot read properties of undefined (reading 'score')\n    at RiskBar (/Users/sawan/Desktop/is it safe copy/src/components/SafetyCard.tsx:235:22)\n    at Object.react_stack_bottom_frame (/Users/sawan/Desktop/is it safe copy/node_modules/react-dom/cjs/react-dom-client.development.js:25904:20)\n    at renderWithHooks (/Users/sawan/Desktop/is it safe copy/node_modules/react-dom/cjs/react-dom-client.development.js:7662:22)\n    at updateFunctionComponent (/Users/sawan/Desktop/is it safe copy/node_modules/react-dom/cjs/react-dom-client.development.js:10166:19)\n    at beginWork (/Users/sawan/Desktop/is it safe copy/node_modules/react-dom/cjs/react-dom-client.development.js:11778:18)\n    at runWithFiberInDEV (/Users/sawan/Desktop/is it safe copy/node_modules/react-dom/cjs/react-dom-client.development.js:874:13)\n    at performUnitOfWork (/Users/sawan/Desktop/is it safe copy/node_modules/react-dom/cjs/react-dom-client.development.js:17641:22)\n    at workLoopSync (/Users/sawan/Desktop/is it safe copy/node_modules/react-dom/cjs/react-dom-client.development.js:17469:41)\n    at renderRootSync (/Users/sawan/Desktop/is it safe copy/node_modules/react-dom/cjs/react-dom-client.development.js:17450:11)\n    at performWorkOnRoot (/Users/sawan/Desktop/is it safe copy/node_modules/react-dom/cjs/react-dom-client.development.js:16583:35)"],"meta":{},"tags":[]},{"ancestorTitles":["SafetyCard","Emergency Contacts"],"fullName":"SafetyCard Emergency Contacts renders emergency contacts section","status":"failed","title":"renders emergency contacts section","duration":3.585749999999962,"failureMessages":["TypeError: Cannot read properties of undefined (reading 'score')\n    at RiskBar (/Users/sawan/Desktop/is it safe copy/src/components/SafetyCard.tsx:235:22)\n    at Object.react_stack_bottom_frame (/Users/sawan/Desktop/is it safe copy/node_modules/react-dom/cjs/react-dom-client.development.js:25904:20)\n    at renderWithHooks (/Users/sawan/Desktop/is it safe copy/node_modules/react-dom/cjs/react-dom-client.development.js:7662:22)\n    at updateFunctionComponent (/Users/sawan/Desktop/is it safe copy/node_modules/react-dom/cjs/react-dom-client.development.js:10166:19)\n    at beginWork (/Users/sawan/Desktop/is it safe copy/node_modules/react-dom/cjs/react-dom-client.development.js:11778:18)\n    at runWithFiberInDEV (/Users/sawan/Desktop/is it safe copy/node_modules/react-dom/cjs/react-dom-client.development.js:874:13)\n    at performUnitOfWork (/Users/sawan/Desktop/is it safe copy/node_modules/react-dom/cjs/react-dom-client.development.js:17641:22)\n    at workLoopSync (/Users/sawan/Desktop/is it safe copy/node_modules/react-dom/cjs/react-dom-client.development.js:17469:41)\n    at renderRootSync (/Users/sawan/Desktop/is it safe copy/node_modules/react-dom/cjs/react-dom-client.development.js:17450:11)\n    at performWorkOnRoot (/Users/sawan/Desktop/is it safe copy/node_modules/react-dom/cjs/react-dom-client.development.js:16583:35)"],"meta":{},"tags":[]},{"ancestorTitles":["SafetyCard","Logistics & Airspace"],"fullName":"SafetyCard Logistics & Airspace renders airspace status","status":"failed","title":"renders airspace status","duration":3.621332999999936,"failureMessages":["TypeError: Cannot read properties of undefined (reading 'score')\n    at RiskBar (/Users/sawan/Desktop/is it safe copy/src/components/SafetyCard.tsx:235:22)\n    at Object.react_stack_bottom_frame (/Users/sawan/Desktop/is it safe copy/node_modules/react-dom/cjs/react-dom-client.development.js:25904:20)\n    at renderWithHooks (/Users/sawan/Desktop/is it safe copy/node_modules/react-dom/cjs/react-dom-client.development.js:7662:22)\n    at updateFunctionComponent (/Users/sawan/Desktop/is it safe copy/node_modules/react-dom/cjs/react-dom-client.development.js:10166:19)\n    at beginWork (/Users/sawan/Desktop/is it safe copy/node_modules/react-dom/cjs/react-dom-client.development.js:11778:18)\n    at runWithFiberInDEV (/Users/sawan/Desktop/is it safe copy/node_modules/react-dom/cjs/react-dom-client.development.js:874:13)\n    at performUnitOfWork (/Users/sawan/Desktop/is it safe copy/node_modules/react-dom/cjs/react-dom-client.development.js:17641:22)\n    at workLoopSync (/Users/sawan/Desktop/is it safe copy/node_modules/react-dom/cjs/react-dom-client.development.js:17469:41)\n    at renderRootSync (/Users/sawan/Desktop/is it safe copy/node_modules/react-dom/cjs/react-dom-client.development.js:17450:11)\n    at performWorkOnRoot (/Users/sawan/Desktop/is it safe copy/node_modules/react-dom/cjs/react-dom-client.development.js:16583:35)"],"meta":{},"tags":[]},{"ancestorTitles":["SafetyCard","Logistics & Airspace"],"fullName":"SafetyCard Logistics & Airspace renders airspace as restricted when status is restricted","status":"failed","title":"renders airspace as restricted when status is restricted","duration":5.193249999999921,"failureMessages":["TypeError: Cannot read properties of undefined (reading 'score')\n    at RiskBar (/Users/sawan/Desktop/is it safe copy/src/components/SafetyCard.tsx:235:22)\n    at Object.react_stack_bottom_frame (/Users/sawan/Desktop/is it safe copy/node_modules/react-dom/cjs/react-dom-client.development.js:25904:20)\n    at renderWithHooks (/Users/sawan/Desktop/is it safe copy/node_modules/react-dom/cjs/react-dom-client.development.js:7662:22)\n    at updateFunctionComponent (/Users/sawan/Desktop/is it safe copy/node_modules/react-dom/cjs/react-dom-client.development.js:10166:19)\n    at beginWork (/Users/sawan/Desktop/is it safe copy/node_modules/react-dom/cjs/react-dom-client.development.js:11778:18)\n    at runWithFiberInDEV (/Users/sawan/Desktop/is it safe copy/node_modules/react-dom/cjs/react-dom-client.development.js:874:13)\n    at performUnitOfWork (/Users/sawan/Desktop/is it safe copy/node_modules/react-dom/cjs/react-dom-client.development.js:17641:22)\n    at workLoopSync (/Users/sawan/Desktop/is it safe copy/node_modules/react-dom/cjs/react-dom-client.development.js:17469:41)\n    at renderRootSync (/Users/sawan/Desktop/is it safe copy/node_modules/react-dom/cjs/react-dom-client.development.js:17450:11)\n    at performWorkOnRoot (/Users/sawan/Desktop/is it safe copy/node_modules/react-dom/cjs/react-dom-client.development.js:16583:35)"],"meta":{},"tags":[]},{"ancestorTitles":["SafetyCard","War Zone Banner"],"fullName":"SafetyCard War Zone Banner renders war zone banner when warStatus is active_war","status":"failed","title":"renders war zone banner when warStatus is active_war","duration":29.597582999999986,"failureMessages":["TypeError: Cannot read properties of undefined (reading 'score')\n    at RiskBar (/Users/sawan/Desktop/is it safe copy/src/components/SafetyCard.tsx:235:22)\n    at Object.react_stack_bottom_frame (/Users/sawan/Desktop/is it safe copy/node_modules/react-dom/cjs/react-dom-client.development.js:25904:20)\n    at renderWithHooks (/Users/sawan/Desktop/is it safe copy/node_modules/react-dom/cjs/react-dom-client.development.js:7662:22)\n    at updateFunctionComponent (/Users/sawan/Desktop/is it safe copy/node_modules/react-dom/cjs/react-dom-client.development.js:10166:19)\n    at beginWork (/Users/sawan/Desktop/is it safe copy/node_modules/react-dom/cjs/react-dom-client.development.js:11778:18)\n    at runWithFiberInDEV (/Users/sawan/Desktop/is it safe copy/node_modules/react-dom/cjs/react-dom-client.development.js:874:13)\n    at performUnitOfWork (/Users/sawan/Desktop/is it safe copy/node_modules/react-dom/cjs/react-dom-client.development.js:17641:22)\n    at workLoopSync (/Users/sawan/Desktop/is it safe copy/node_modules/react-dom/cjs/react-dom-client.development.js:17469:41)\n    at renderRootSync (/Users/sawan/Desktop/is it safe copy/node_modules/react-dom/cjs/react-dom-client.development.js:17450:11)\n    at performWorkOnRoot (/Users/sawan/Desktop/is it safe copy/node_modules/react-dom/cjs/react-dom-client.development.js:16583:35)"],"meta":{},"tags":[]},{"ancestorTitles":["SafetyCard","War Zone Banner"],"fullName":"SafetyCard War Zone Banner does not render war zone banner for normal locations","status":"failed","title":"does not render war zone banner for normal locations","duration":3.661457999999925,"failureMessages":["TypeError: Cannot read properties of undefined (reading 'score')\n    at RiskBar (/Users/sawan/Desktop/is it safe copy/src/components/SafetyCard.tsx:235:22)\n    at Object.react_stack_bottom_frame (/Users/sawan/Desktop/is it safe copy/node_modules/react-dom/cjs/react-dom-client.development.js:25904:20)\n    at renderWithHooks (/Users/sawan/Desktop/is it safe copy/node_modules/react-dom/cjs/react-dom-client.development.js:7662:22)\n    at updateFunctionComponent (/Users/sawan/Desktop/is it safe copy/node_modules/react-dom/cjs/react-dom-client.development.js:10166:19)\n    at beginWork (/Users/sawan/Desktop/is it safe copy/node_modules/react-dom/cjs/react-dom-client.development.js:11778:18)\n    at runWithFiberInDEV (/Users/sawan/Desktop/is it safe copy/node_modules/react-dom/cjs/react-dom-client.development.js:874:13)\n    at performUnitOfWork (/Users/sawan/Desktop/is it safe copy/node_modules/react-dom/cjs/react-dom-client.development.js:17641:22)\n    at workLoopSync (/Users/sawan/Desktop/is it safe copy/node_modules/react-dom/cjs/react-dom-client.development.js:17469:41)\n    at renderRootSync (/Users/sawan/Desktop/is it safe copy/node_modules/react-dom/cjs/react-dom-client.development.js:17450:11)\n    at performWorkOnRoot (/Users/sawan/Desktop/is it safe copy/node_modules/react-dom/cjs/react-dom-client.development.js:16583:35)"],"meta":{},"tags":[]},{"ancestorTitles":["SafetyCard","View Mode Toggle"],"fullName":"SafetyCard View Mode Toggle renders view mode toggle buttons","status":"failed","title":"renders view mode toggle buttons","duration":3.259249999999952,"failureMessages":["TypeError: Cannot read properties of undefined (reading 'score')\n    at RiskBar (/Users/sawan/Desktop/is it safe copy/src/components/SafetyCard.tsx:235:22)\n    at Object.react_stack_bottom_frame (/Users/sawan/Desktop/is it safe copy/node_modules/react-dom/cjs/react-dom-client.development.js:25904:20)\n    at renderWithHooks (/Users/sawan/Desktop/is it safe copy/node_modules/react-dom/cjs/react-dom-client.development.js:7662:22)\n    at updateFunctionComponent (/Users/sawan/Desktop/is it safe copy/node_modules/react-dom/cjs/react-dom-client.development.js:10166:19)\n    at beginWork (/Users/sawan/Desktop/is it safe copy/node_modules/react-dom/cjs/react-dom-client.development.js:11778:18)\n    at runWithFiberInDEV (/Users/sawan/Desktop/is it safe copy/node_modules/react-dom/cjs/react-dom-client.development.js:874:13)\n    at performUnitOfWork (/Users/sawan/Desktop/is it safe copy/node_modules/react-dom/cjs/react-dom-client.development.js:17641:22)\n    at workLoopSync (/Users/sawan/Desktop/is it safe copy/node_modules/react-dom/cjs/react-dom-client.development.js:17469:41)\n    at renderRootSync (/Users/sawan/Desktop/is it safe copy/node_modules/react-dom/cjs/react-dom-client.development.js:17450:11)\n    at performWorkOnRoot (/Users/sawan/Desktop/is it safe copy/node_modules/react-dom/cjs/react-dom-client.development.js:16583:35)"],"meta":{},"tags":[]},{"ancestorTitles":["SafetyCard","View Mode Toggle"],"fullName":"SafetyCard View Mode Toggle starts in desktop view mode by default","status":"failed","title":"starts in desktop view mode by default","duration":3.2036659999999983,"failureMessages":["TypeError: Cannot read properties of undefined (reading 'score')\n    at RiskBar (/Users/sawan/Desktop/is it safe copy/src/components/SafetyCard.tsx:235:22)\n    at Object.react_stack_bottom_frame (/Users/sawan/Desktop/is it safe copy/node_modules/react-dom/cjs/react-dom-client.development.js:25904:20)\n    at renderWithHooks (/Users/sawan/Desktop/is it safe copy/node_modules/react-dom/cjs/react-dom-client.development.js:7662:22)\n    at updateFunctionComponent (/Users/sawan/Desktop/is it safe copy/node_modules/react-dom/cjs/react-dom-client.development.js:10166:19)\n    at beginWork (/Users/sawan/Desktop/is it safe copy/node_modules/react-dom/cjs/react-dom-client.development.js:11778:18)\n    at runWithFiberInDEV (/Users/sawan/Desktop/is it safe copy/node_modules/react-dom/cjs/react-dom-client.development.js:874:13)\n    at performUnitOfWork (/Users/sawan/Desktop/is it safe copy/node_modules/react-dom/cjs/react-dom-client.development.js:17641:22)\n    at workLoopSync (/Users/sawan/Desktop/is it safe copy/node_modules/react-dom/cjs/react-dom-client.development.js:17469:41)\n    at renderRootSync (/Users/sawan/Desktop/is it safe copy/node_modules/react-dom/cjs/react-dom-client.development.js:17450:11)\n    at performWorkOnRoot (/Users/sawan/Desktop/is it safe copy/node_modules/react-dom/cjs/react-dom-client.development.js:16583:35)"],"meta":{},"tags":[]},{"ancestorTitles":["SafetyCard","BriefGenerator Integration"],"fullName":"SafetyCard BriefGenerator Integration renders BriefGenerator component with location and assessment","status":"failed","title":"renders BriefGenerator component with location and assessment","duration":3.2444999999999027,"failureMessages":["TypeError: Cannot read properties of undefined (reading 'score')\n    at RiskBar (/Users/sawan/Desktop/is it safe copy/src/components/SafetyCard.tsx:235:22)\n    at Object.react_stack_bottom_frame (/Users/sawan/Desktop/is it safe copy/node_modules/react-dom/cjs/react-dom-client.development.js:25904:20)\n    at renderWithHooks (/Users/sawan/Desktop/is it safe copy/node_modules/react-dom/cjs/react-dom-client.development.js:7662:22)\n    at updateFunctionComponent (/Users/sawan/Desktop/is it safe copy/node_modules/react-dom/cjs/react-dom-client.development.js:10166:19)\n    at beginWork (/Users/sawan/Desktop/is it safe copy/node_modules/react-dom/cjs/react-dom-client.development.js:11778:18)\n    at runWithFiberInDEV (/Users/sawan/Desktop/is it safe copy/node_modules/react-dom/cjs/react-dom-client.development.js:874:13)\n    at performUnitOfWork (/Users/sawan/Desktop/is it safe copy/node_modules/react-dom/cjs/react-dom-client.development.js:17641:22)\n    at workLoopSync (/Users/sawan/Desktop/is it safe copy/node_modules/react-dom/cjs/react-dom-client.development.js:17469:41)\n    at renderRootSync (/Users/sawan/Desktop/is it safe copy/node_modules/react-dom/cjs/react-dom-client.development.js:17450:11)\n    at performWorkOnRoot (/Users/sawan/Desktop/is it safe copy/node_modules/react-dom/cjs/react-dom-client.development.js:16583:35)"],"meta":{},"tags":[]}],"startTime":1775737373598,"endTime":1775737373785.2444,"status":"failed","message":"","name":"/Users/sawan/Desktop/is it safe copy/src/components/SafetyCard.test.tsx"},{"assertionResults":[{"ancestorTitles":["SearchPanel","Rendering"],"fullName":"SearchPanel Rendering renders the search input","status":"failed","title":"renders the search input","duration":17.854375000000005,"failureMessages":["TestingLibraryElementError: Unable to find an element with the placeholder text of: /Search for a city or country/i\n\nIgnored nodes: comments, script, style\n\u001b[36m<body>\u001b[39m\n  \u001b[36m<div>\u001b[39m\n    \u001b[36m<div\u001b[39m\n      \u001b[33mclass\u001b[39m=\u001b[32m\"relative w-full\"\u001b[39m\n    \u001b[36m>\u001b[39m\n      \u001b[36m<div\u001b[39m\n        \u001b[33mclass\u001b[39m=\u001b[32m\"flex items-center justify-between mb-4\"\u001b[39m\n      \u001b[36m>\u001b[39m\n        \u001b[36m<div\u001b[39m\n          \u001b[33mclass\u001b[39m=\u001b[32m\"flex items-center gap-3\"\u001b[39m\n        \u001b[36m>\u001b[39m\n          \u001b[36m<div\u001b[39m\n            \u001b[33mclass\u001b[39m=\u001b[32m\"flex items-center gap-2\"\u001b[39m\n          \u001b[36m>\u001b[39m\n            \u001b[36m<div\u001b[39m\n              \u001b[33mclass\u001b[39m=\u001b[32m\"w-8 h-8 rounded-xl bg-gradient-to-br from-violet-500 to-pink-500 flex items-center justify-center\"\u001b[39m\n            \u001b[36m>\u001b[39m\n              \u001b[36m<svg\u001b[39m\n                \u001b[33mclass\u001b[39m=\u001b[32m\"lucide lucide-map-pin w-4 h-4 text-white\"\u001b[39m\n                \u001b[33mfill\u001b[39m=\u001b[32m\"none\"\u001b[39m\n                \u001b[33mheight\u001b[39m=\u001b[32m\"24\"\u001b[39m\n                \u001b[33mstroke\u001b[39m=\u001b[32m\"currentColor\"\u001b[39m\n                \u001b[33mstroke-linecap\u001b[39m=\u001b[32m\"round\"\u001b[39m\n                \u001b[33mstroke-linejoin\u001b[39m=\u001b[32m\"round\"\u001b[39m\n                \u001b[33mstroke-width\u001b[39m=\u001b[32m\"2\"\u001b[39m\n                \u001b[33mviewBox\u001b[39m=\u001b[32m\"0 0 24 24\"\u001b[39m\n                \u001b[33mwidth\u001b[39m=\u001b[32m\"24\"\u001b[39m\n                \u001b[33mxmlns\u001b[39m=\u001b[32m\"http://www.w3.org/2000/svg\"\u001b[39m\n              \u001b[36m>\u001b[39m\n                \u001b[36m<path\u001b[39m\n                  \u001b[33md\u001b[39m=\u001b[32m\"M20 10c0 6-8 12-8 12s-8-6-8-12a8 8 0 0 1 16 0Z\"\u001b[39m\n                \u001b[36m/>\u001b[39m\n                \u001b[36m<circle\u001b[39m\n                  \u001b[33mcx\u001b[39m=\u001b[32m\"12\"\u001b[39m\n                  \u001b[33mcy\u001b[39m=\u001b[32m\"10\"\u001b[39m\n                  \u001b[33mr\u001b[39m=\u001b[32m\"3\"\u001b[39m\n                \u001b[36m/>\u001b[39m\n              \u001b[36m</svg>\u001b[39m\n            \u001b[36m</div>\u001b[39m\n            \u001b[36m<span\u001b[39m\n              \u001b[33mclass\u001b[39m=\u001b[32m\"text-xs font-bold text-slate-400\"\u001b[39m\n            \u001b[36m>\u001b[39m\n              \u001b[0mFind a place\u001b[0m\n            \u001b[36m</span>\u001b[39m\n          \u001b[36m</div>\u001b[39m\n        \u001b[36m</div>\u001b[39m\n      \u001b[36m</div>\u001b[39m\n      \u001b[36m<div\u001b[39m\n        \u001b[33mclass\u001b[39m=\u001b[32m\"relative group\"\u001b[39m\n      \u001b[36m>\u001b[39m\n        \u001b[36m<div\u001b[39m\n          \u001b[33mclass\u001b[39m=\u001b[32m\"absolute inset-0 bg-gradient-to-r from-violet-500/20 via-pink-500/20 to-orange-500/20 rounded-2xl blur-xl opacity-0 group-focus-within:opacity-100 transition-opacity pointer-events-none\"\u001b[39m\n        \u001b[36m/>\u001b[39m\n        \u001b[36m<div\u001b[39m\n          \u001b[33mclass\u001b[39m=\u001b[32m\"relative flex items-center bg-slate-800/60 backdrop-blur-xl border border-slate-700/50 rounded-2xl transition-all focus-within:border-violet-500 focus-within:ring-2 focus-within:ring-violet-500/20\"\u001b[39m\n        \u001b[36m>\u001b[39m\n          \u001b[36m<div\u001b[39m\n            \u001b[33mclass\u001b[39m=\u001b[32m\"pl-5 pr-3\"\u001b[39m\n          \u001b[36m>\u001b[39m\n            \u001b[36m<svg\u001b[39m\n              \u001b[33mclass\u001b[39m=\u001b[32m\"lucide lucide-search w-5 h-5 text-slate-400 group-focus-within:text-violet-400 transition-colors\"\u001b[39m\n              \u001b[33mfill\u001b[39m=\u001b[32m\"none\"\u001b[39m\n              \u001b[33mheight\u001b[39m=\u001b[32m\"24\"\u001b[39m\n              \u001b[33mstroke\u001b[39m=\u001b[32m\"currentColor\"\u001b[39m\n              \u001b[33mstroke-linecap\u001b[39m=\u001b[32m\"round\"\u001b[39m\n              \u001b[33mstroke-linejoin\u001b[39m=\u001b[32m\"round\"\u001b[39m\n              \u001b[33mstroke-width\u001b[39m=\u001b[32m\"2\"\u001b[39m\n              \u001b[33mviewBox\u001b[39m=\u001b[32m\"0 0 24 24\"\u001b[39m\n              \u001b[33mwidth\u001b[39m=\u001b[32m\"24\"\u001b[39m\n              \u001b[33mxmlns\u001b[39m=\u001b[32m\"http://www.w3.org/2000/svg\"\u001b[39m\n            \u001b[36m>\u001b[39m\n              \u001b[36m<circle\u001b[39m\n                \u001b[33mcx\u001b[39m=\u001b[32m\"11\"\u001b[39m\n                \u001b[33mcy\u001b[39m=\u001b[32m\"11\"\u001b[39m\n                \u001b[33mr\u001b[39m=\u001b[32m\"8\"\u001b[39m\n              \u001b[36m/>\u001b[39m\n              \u001b[36m<path\u001b[39m\n                \u001b[33md\u001b[39m=\u001b[32m\"m21 21-4.3-4.3\"\u001b[39m\n              \u001b[36m/>\u001b[39m\n            \u001b[36m</svg>\u001b[39m\n          \u001b[36m</div>\u001b[39m\n          \u001b[36m<input\u001b[39m\n            \u001b[33maria-label\u001b[39m=\u001b[32m\"Search for a city or country\"\u001b[39m\n            \u001b[33mclass\u001b[39m=\u001b[32m\"w-full bg-transparent py-4 outline-none text-sm font-medium text-white placeholder:text-slate-500\"\u001b[39m\n            \u001b[33mplaceholder\u001b[39m=\u001b[32m\"Search cities, countries...\"\u001b[39m\n            \u001b[33mtype\u001b[39m=\u001b[32m\"text\"\u001b[39m\n            \u001b[33mvalue\u001b[39m=\u001b[32m\"\"\u001b[39m\n          \u001b[36m/>\u001b[39m\n        \u001b[36m</div>\u001b[39m\n      \u001b[36m</div>\u001b[39m\n    \u001b[36m</div>\u001b[39m\n  \u001b[36m</div>\u001b[39m\n\u001b[36m</body>\u001b[39m\n    at Object.getElementError (/Users/sawan/Desktop/is it safe copy/node_modules/@testing-library/dom/dist/config.js:37:19)\n    at /Users/sawan/Desktop/is it safe copy/node_modules/@testing-library/dom/dist/query-helpers.js:76:38\n    at /Users/sawan/Desktop/is it safe copy/node_modules/@testing-library/dom/dist/query-helpers.js:52:17\n    at /Users/sawan/Desktop/is it safe copy/node_modules/@testing-library/dom/dist/query-helpers.js:95:19\n    at /Users/sawan/Desktop/is it safe copy/src/components/SearchPanel.test.tsx:38:16\n    at file:///Users/sawan/Desktop/is%20it%20safe%20copy/node_modules/@vitest/runner/dist/chunk-artifact.js:302:11\n    at file:///Users/sawan/Desktop/is%20it%20safe%20copy/node_modules/@vitest/runner/dist/chunk-artifact.js:1903:26\n    at file:///Users/sawan/Desktop/is%20it%20safe%20copy/node_modules/@vitest/runner/dist/chunk-artifact.js:2326:20\n    at new Promise (<anonymous>)\n    at runWithCancel (file:///Users/sawan/Desktop/is%20it%20safe%20copy/node_modules/@vitest/runner/dist/chunk-artifact.js:2323:10)"],"meta":{},"tags":[]},{"ancestorTitles":["SearchPanel","Rendering"],"fullName":"SearchPanel Rendering renders the Search_Global_Database label","status":"failed","title":"renders the Search_Global_Database label","duration":5.78129100000001,"failureMessages":["TestingLibraryElementError: Unable to find an element with the text: /Search_Global_Database/i. This could be because the text is broken up by multiple elements. In this case, you can provide a function for your text matcher to make your matcher more flexible.\n\nIgnored nodes: comments, script, style\n\u001b[36m<body>\u001b[39m\n  \u001b[36m<div>\u001b[39m\n    \u001b[36m<div\u001b[39m\n      \u001b[33mclass\u001b[39m=\u001b[32m\"relative w-full\"\u001b[39m\n    \u001b[36m>\u001b[39m\n      \u001b[36m<div\u001b[39m\n        \u001b[33mclass\u001b[39m=\u001b[32m\"flex items-center justify-between mb-4\"\u001b[39m\n      \u001b[36m>\u001b[39m\n        \u001b[36m<div\u001b[39m\n          \u001b[33mclass\u001b[39m=\u001b[32m\"flex items-center gap-3\"\u001b[39m\n        \u001b[36m>\u001b[39m\n          \u001b[36m<div\u001b[39m\n            \u001b[33mclass\u001b[39m=\u001b[32m\"flex items-center gap-2\"\u001b[39m\n          \u001b[36m>\u001b[39m\n            \u001b[36m<div\u001b[39m\n              \u001b[33mclass\u001b[39m=\u001b[32m\"w-8 h-8 rounded-xl bg-gradient-to-br from-violet-500 to-pink-500 flex items-center justify-center\"\u001b[39m\n            \u001b[36m>\u001b[39m\n              \u001b[36m<svg\u001b[39m\n                \u001b[33mclass\u001b[39m=\u001b[32m\"lucide lucide-map-pin w-4 h-4 text-white\"\u001b[39m\n                \u001b[33mfill\u001b[39m=\u001b[32m\"none\"\u001b[39m\n                \u001b[33mheight\u001b[39m=\u001b[32m\"24\"\u001b[39m\n                \u001b[33mstroke\u001b[39m=\u001b[32m\"currentColor\"\u001b[39m\n                \u001b[33mstroke-linecap\u001b[39m=\u001b[32m\"round\"\u001b[39m\n                \u001b[33mstroke-linejoin\u001b[39m=\u001b[32m\"round\"\u001b[39m\n                \u001b[33mstroke-width\u001b[39m=\u001b[32m\"2\"\u001b[39m\n                \u001b[33mviewBox\u001b[39m=\u001b[32m\"0 0 24 24\"\u001b[39m\n                \u001b[33mwidth\u001b[39m=\u001b[32m\"24\"\u001b[39m\n                \u001b[33mxmlns\u001b[39m=\u001b[32m\"http://www.w3.org/2000/svg\"\u001b[39m\n              \u001b[36m>\u001b[39m\n                \u001b[36m<path\u001b[39m\n                  \u001b[33md\u001b[39m=\u001b[32m\"M20 10c0 6-8 12-8 12s-8-6-8-12a8 8 0 0 1 16 0Z\"\u001b[39m\n                \u001b[36m/>\u001b[39m\n                \u001b[36m<circle\u001b[39m\n                  \u001b[33mcx\u001b[39m=\u001b[32m\"12\"\u001b[39m\n                  \u001b[33mcy\u001b[39m=\u001b[32m\"10\"\u001b[39m\n                  \u001b[33mr\u001b[39m=\u001b[32m\"3\"\u001b[39m\n                \u001b[36m/>\u001b[39m\n              \u001b[36m</svg>\u001b[39m\n            \u001b[36m</div>\u001b[39m\n            \u001b[36m<span\u001b[39m\n              \u001b[33mclass\u001b[39m=\u001b[32m\"text-xs font-bold text-slate-400\"\u001b[39m\n            \u001b[36m>\u001b[39m\n              \u001b[0mFind a place\u001b[0m\n            \u001b[36m</span>\u001b[39m\n          \u001b[36m</div>\u001b[39m\n        \u001b[36m</div>\u001b[39m\n      \u001b[36m</div>\u001b[39m\n      \u001b[36m<div\u001b[39m\n        \u001b[33mclass\u001b[39m=\u001b[32m\"relative group\"\u001b[39m\n      \u001b[36m>\u001b[39m\n        \u001b[36m<div\u001b[39m\n          \u001b[33mclass\u001b[39m=\u001b[32m\"absolute inset-0 bg-gradient-to-r from-violet-500/20 via-pink-500/20 to-orange-500/20 rounded-2xl blur-xl opacity-0 group-focus-within:opacity-100 transition-opacity pointer-events-none\"\u001b[39m\n        \u001b[36m/>\u001b[39m\n        \u001b[36m<div\u001b[39m\n          \u001b[33mclass\u001b[39m=\u001b[32m\"relative flex items-center bg-slate-800/60 backdrop-blur-xl border border-slate-700/50 rounded-2xl transition-all focus-within:border-violet-500 focus-within:ring-2 focus-within:ring-violet-500/20\"\u001b[39m\n        \u001b[36m>\u001b[39m\n          \u001b[36m<div\u001b[39m\n            \u001b[33mclass\u001b[39m=\u001b[32m\"pl-5 pr-3\"\u001b[39m\n          \u001b[36m>\u001b[39m\n            \u001b[36m<svg\u001b[39m\n              \u001b[33mclass\u001b[39m=\u001b[32m\"lucide lucide-search w-5 h-5 text-slate-400 group-focus-within:text-violet-400 transition-colors\"\u001b[39m\n              \u001b[33mfill\u001b[39m=\u001b[32m\"none\"\u001b[39m\n              \u001b[33mheight\u001b[39m=\u001b[32m\"24\"\u001b[39m\n              \u001b[33mstroke\u001b[39m=\u001b[32m\"currentColor\"\u001b[39m\n              \u001b[33mstroke-linecap\u001b[39m=\u001b[32m\"round\"\u001b[39m\n              \u001b[33mstroke-linejoin\u001b[39m=\u001b[32m\"round\"\u001b[39m\n              \u001b[33mstroke-width\u001b[39m=\u001b[32m\"2\"\u001b[39m\n              \u001b[33mviewBox\u001b[39m=\u001b[32m\"0 0 24 24\"\u001b[39m\n              \u001b[33mwidth\u001b[39m=\u001b[32m\"24\"\u001b[39m\n              \u001b[33mxmlns\u001b[39m=\u001b[32m\"http://www.w3.org/2000/svg\"\u001b[39m\n            \u001b[36m>\u001b[39m\n              \u001b[36m<circle\u001b[39m\n                \u001b[33mcx\u001b[39m=\u001b[32m\"11\"\u001b[39m\n                \u001b[33mcy\u001b[39m=\u001b[32m\"11\"\u001b[39m\n                \u001b[33mr\u001b[39m=\u001b[32m\"8\"\u001b[39m\n              \u001b[36m/>\u001b[39m\n              \u001b[36m<path\u001b[39m\n                \u001b[33md\u001b[39m=\u001b[32m\"m21 21-4.3-4.3\"\u001b[39m\n              \u001b[36m/>\u001b[39m\n            \u001b[36m</svg>\u001b[39m\n          \u001b[36m</div>\u001b[39m\n          \u001b[36m<input\u001b[39m\n            \u001b[33maria-label\u001b[39m=\u001b[32m\"Search for a city or country\"\u001b[39m\n            \u001b[33mclass\u001b[39m=\u001b[32m\"w-full bg-transparent py-4 outline-none text-sm font-medium text-white placeholder:text-slate-500\"\u001b[39m\n            \u001b[33mplaceholder\u001b[39m=\u001b[32m\"Search cities, countries...\"\u001b[39m\n            \u001b[33mtype\u001b[39m=\u001b[32m\"text\"\u001b[39m\n            \u001b[33mvalue\u001b[39m=\u001b[32m\"\"\u001b[39m\n          \u001b[36m/>\u001b[39m\n        \u001b[36m</div>\u001b[39m\n      \u001b[36m</div>\u001b[39m\n    \u001b[36m</div>\u001b[39m\n  \u001b[36m</div>\u001b[39m\n\u001b[36m</body>\u001b[39m\n    at Object.getElementError (/Users/sawan/Desktop/is it safe copy/node_modules/@testing-library/dom/dist/config.js:37:19)\n    at /Users/sawan/Desktop/is it safe copy/node_modules/@testing-library/dom/dist/query-helpers.js:76:38\n    at /Users/sawan/Desktop/is it safe copy/node_modules/@testing-library/dom/dist/query-helpers.js:52:17\n    at /Users/sawan/Desktop/is it safe copy/node_modules/@testing-library/dom/dist/query-helpers.js:95:19\n    at /Users/sawan/Desktop/is it safe copy/src/components/SearchPanel.test.tsx:45:21\n    at file:///Users/sawan/Desktop/is%20it%20safe%20copy/node_modules/@vitest/runner/dist/chunk-artifact.js:302:11\n    at file:///Users/sawan/Desktop/is%20it%20safe%20copy/node_modules/@vitest/runner/dist/chunk-artifact.js:1903:26\n    at file:///Users/sawan/Desktop/is%20it%20safe%20copy/node_modules/@vitest/runner/dist/chunk-artifact.js:2326:20\n    at new Promise (<anonymous>)\n    at runWithCancel (file:///Users/sawan/Desktop/is%20it%20safe%20copy/node_modules/@vitest/runner/dist/chunk-artifact.js:2323:10)"],"meta":{},"tags":[]},{"ancestorTitles":["SearchPanel","Rendering"],"fullName":"SearchPanel Rendering renders the Free_Data keyboard hint","status":"failed","title":"renders the Free_Data keyboard hint","duration":4.3608749999999645,"failureMessages":["TestingLibraryElementError: Unable to find an element with the text: /Free_Data/i. This could be because the text is broken up by multiple elements. In this case, you can provide a function for your text matcher to make your matcher more flexible.\n\nIgnored nodes: comments, script, style\n\u001b[36m<body>\u001b[39m\n  \u001b[36m<div>\u001b[39m\n    \u001b[36m<div\u001b[39m\n      \u001b[33mclass\u001b[39m=\u001b[32m\"relative w-full\"\u001b[39m\n    \u001b[36m>\u001b[39m\n      \u001b[36m<div\u001b[39m\n        \u001b[33mclass\u001b[39m=\u001b[32m\"flex items-center justify-between mb-4\"\u001b[39m\n      \u001b[36m>\u001b[39m\n        \u001b[36m<div\u001b[39m\n          \u001b[33mclass\u001b[39m=\u001b[32m\"flex items-center gap-3\"\u001b[39m\n        \u001b[36m>\u001b[39m\n          \u001b[36m<div\u001b[39m\n            \u001b[33mclass\u001b[39m=\u001b[32m\"flex items-center gap-2\"\u001b[39m\n          \u001b[36m>\u001b[39m\n            \u001b[36m<div\u001b[39m\n              \u001b[33mclass\u001b[39m=\u001b[32m\"w-8 h-8 rounded-xl bg-gradient-to-br from-violet-500 to-pink-500 flex items-center justify-center\"\u001b[39m\n            \u001b[36m>\u001b[39m\n              \u001b[36m<svg\u001b[39m\n                \u001b[33mclass\u001b[39m=\u001b[32m\"lucide lucide-map-pin w-4 h-4 text-white\"\u001b[39m\n                \u001b[33mfill\u001b[39m=\u001b[32m\"none\"\u001b[39m\n                \u001b[33mheight\u001b[39m=\u001b[32m\"24\"\u001b[39m\n                \u001b[33mstroke\u001b[39m=\u001b[32m\"currentColor\"\u001b[39m\n                \u001b[33mstroke-linecap\u001b[39m=\u001b[32m\"round\"\u001b[39m\n                \u001b[33mstroke-linejoin\u001b[39m=\u001b[32m\"round\"\u001b[39m\n                \u001b[33mstroke-width\u001b[39m=\u001b[32m\"2\"\u001b[39m\n                \u001b[33mviewBox\u001b[39m=\u001b[32m\"0 0 24 24\"\u001b[39m\n                \u001b[33mwidth\u001b[39m=\u001b[32m\"24\"\u001b[39m\n                \u001b[33mxmlns\u001b[39m=\u001b[32m\"http://www.w3.org/2000/svg\"\u001b[39m\n              \u001b[36m>\u001b[39m\n                \u001b[36m<path\u001b[39m\n                  \u001b[33md\u001b[39m=\u001b[32m\"M20 10c0 6-8 12-8 12s-8-6-8-12a8 8 0 0 1 16 0Z\"\u001b[39m\n                \u001b[36m/>\u001b[39m\n                \u001b[36m<circle\u001b[39m\n                  \u001b[33mcx\u001b[39m=\u001b[32m\"12\"\u001b[39m\n                  \u001b[33mcy\u001b[39m=\u001b[32m\"10\"\u001b[39m\n                  \u001b[33mr\u001b[39m=\u001b[32m\"3\"\u001b[39m\n                \u001b[36m/>\u001b[39m\n              \u001b[36m</svg>\u001b[39m\n            \u001b[36m</div>\u001b[39m\n            \u001b[36m<span\u001b[39m\n              \u001b[33mclass\u001b[39m=\u001b[32m\"text-xs font-bold text-slate-400\"\u001b[39m\n            \u001b[36m>\u001b[39m\n              \u001b[0mFind a place\u001b[0m\n            \u001b[36m</span>\u001b[39m\n          \u001b[36m</div>\u001b[39m\n        \u001b[36m</div>\u001b[39m\n      \u001b[36m</div>\u001b[39m\n      \u001b[36m<div\u001b[39m\n        \u001b[33mclass\u001b[39m=\u001b[32m\"relative group\"\u001b[39m\n      \u001b[36m>\u001b[39m\n        \u001b[36m<div\u001b[39m\n          \u001b[33mclass\u001b[39m=\u001b[32m\"absolute inset-0 bg-gradient-to-r from-violet-500/20 via-pink-500/20 to-orange-500/20 rounded-2xl blur-xl opacity-0 group-focus-within:opacity-100 transition-opacity pointer-events-none\"\u001b[39m\n        \u001b[36m/>\u001b[39m\n        \u001b[36m<div\u001b[39m\n          \u001b[33mclass\u001b[39m=\u001b[32m\"relative flex items-center bg-slate-800/60 backdrop-blur-xl border border-slate-700/50 rounded-2xl transition-all focus-within:border-violet-500 focus-within:ring-2 focus-within:ring-violet-500/20\"\u001b[39m\n        \u001b[36m>\u001b[39m\n          \u001b[36m<div\u001b[39m\n            \u001b[33mclass\u001b[39m=\u001b[32m\"pl-5 pr-3\"\u001b[39m\n          \u001b[36m>\u001b[39m\n            \u001b[36m<svg\u001b[39m\n              \u001b[33mclass\u001b[39m=\u001b[32m\"lucide lucide-search w-5 h-5 text-slate-400 group-focus-within:text-violet-400 transition-colors\"\u001b[39m\n              \u001b[33mfill\u001b[39m=\u001b[32m\"none\"\u001b[39m\n              \u001b[33mheight\u001b[39m=\u001b[32m\"24\"\u001b[39m\n              \u001b[33mstroke\u001b[39m=\u001b[32m\"currentColor\"\u001b[39m\n              \u001b[33mstroke-linecap\u001b[39m=\u001b[32m\"round\"\u001b[39m\n              \u001b[33mstroke-linejoin\u001b[39m=\u001b[32m\"round\"\u001b[39m\n              \u001b[33mstroke-width\u001b[39m=\u001b[32m\"2\"\u001b[39m\n              \u001b[33mviewBox\u001b[39m=\u001b[32m\"0 0 24 24\"\u001b[39m\n              \u001b[33mwidth\u001b[39m=\u001b[32m\"24\"\u001b[39m\n              \u001b[33mxmlns\u001b[39m=\u001b[32m\"http://www.w3.org/2000/svg\"\u001b[39m\n            \u001b[36m>\u001b[39m\n              \u001b[36m<circle\u001b[39m\n                \u001b[33mcx\u001b[39m=\u001b[32m\"11\"\u001b[39m\n                \u001b[33mcy\u001b[39m=\u001b[32m\"11\"\u001b[39m\n                \u001b[33mr\u001b[39m=\u001b[32m\"8\"\u001b[39m\n              \u001b[36m/>\u001b[39m\n              \u001b[36m<path\u001b[39m\n                \u001b[33md\u001b[39m=\u001b[32m\"m21 21-4.3-4.3\"\u001b[39m\n              \u001b[36m/>\u001b[39m\n            \u001b[36m</svg>\u001b[39m\n          \u001b[36m</div>\u001b[39m\n          \u001b[36m<input\u001b[39m\n            \u001b[33maria-label\u001b[39m=\u001b[32m\"Search for a city or country\"\u001b[39m\n            \u001b[33mclass\u001b[39m=\u001b[32m\"w-full bg-transparent py-4 outline-none text-sm font-medium text-white placeholder:text-slate-500\"\u001b[39m\n            \u001b[33mplaceholder\u001b[39m=\u001b[32m\"Search cities, countries...\"\u001b[39m\n            \u001b[33mtype\u001b[39m=\u001b[32m\"text\"\u001b[39m\n            \u001b[33mvalue\u001b[39m=\u001b[32m\"\"\u001b[39m\n          \u001b[36m/>\u001b[39m\n        \u001b[36m</div>\u001b[39m\n      \u001b[36m</div>\u001b[39m\n    \u001b[36m</div>\u001b[39m\n  \u001b[36m</div>\u001b[39m\n\u001b[36m</body>\u001b[39m\n    at Object.getElementError (/Users/sawan/Desktop/is it safe copy/node_modules/@testing-library/dom/dist/config.js:37:19)\n    at /Users/sawan/Desktop/is it safe copy/node_modules/@testing-library/dom/dist/query-helpers.js:76:38\n    at /Users/sawan/Desktop/is it safe copy/node_modules/@testing-library/dom/dist/query-helpers.js:52:17\n    at /Users/sawan/Desktop/is it safe copy/node_modules/@testing-library/dom/dist/query-helpers.js:95:19\n    at /Users/sawan/Desktop/is it safe copy/src/components/SearchPanel.test.tsx:51:21\n    at file:///Users/sawan/Desktop/is%20it%20safe%20copy/node_modules/@vitest/runner/dist/chunk-artifact.js:302:11\n    at file:///Users/sawan/Desktop/is%20it%20safe%20copy/node_modules/@vitest/runner/dist/chunk-artifact.js:1903:26\n    at file:///Users/sawan/Desktop/is%20it%20safe%20copy/node_modules/@vitest/runner/dist/chunk-artifact.js:2326:20\n    at new Promise (<anonymous>)\n    at runWithCancel (file:///Users/sawan/Desktop/is%20it%20safe%20copy/node_modules/@vitest/runner/dist/chunk-artifact.js:2323:10)"],"meta":{},"tags":[]},{"ancestorTitles":["SearchPanel","Rendering"],"fullName":"SearchPanel Rendering renders the passport/origin country selector","status":"failed","title":"renders the passport/origin country selector","duration":56.53608299999996,"failureMessages":["TestingLibraryElementError: Unable to find an accessible element with the role \"combobox\"\n\nHere are the accessible roles:\n\n  textbox:\n\n  Name \"Search for a city or country\":\n  \u001b[36m<input\u001b[39m\n    \u001b[33maria-label\u001b[39m=\u001b[32m\"Search for a city or country\"\u001b[39m\n    \u001b[33mclass\u001b[39m=\u001b[32m\"w-full bg-transparent py-4 outline-none text-sm font-medium text-white placeholder:text-slate-500\"\u001b[39m\n    \u001b[33mplaceholder\u001b[39m=\u001b[32m\"Search cities, countries...\"\u001b[39m\n    \u001b[33mtype\u001b[39m=\u001b[32m\"text\"\u001b[39m\n    \u001b[33mvalue\u001b[39m=\u001b[32m\"\"\u001b[39m\n  \u001b[36m/>\u001b[39m\n\n  --------------------------------------------------\n\nIgnored nodes: comments, script, style\n\u001b[36m<body>\u001b[39m\n  \u001b[36m<div>\u001b[39m\n    \u001b[36m<div\u001b[39m\n      \u001b[33mclass\u001b[39m=\u001b[32m\"relative w-full\"\u001b[39m\n    \u001b[36m>\u001b[39m\n      \u001b[36m<div\u001b[39m\n        \u001b[33mclass\u001b[39m=\u001b[32m\"flex items-center justify-between mb-4\"\u001b[39m\n      \u001b[36m>\u001b[39m\n        \u001b[36m<div\u001b[39m\n          \u001b[33mclass\u001b[39m=\u001b[32m\"flex items-center gap-3\"\u001b[39m\n        \u001b[36m>\u001b[39m\n          \u001b[36m<div\u001b[39m\n            \u001b[33mclass\u001b[39m=\u001b[32m\"flex items-center gap-2\"\u001b[39m\n          \u001b[36m>\u001b[39m\n            \u001b[36m<div\u001b[39m\n              \u001b[33mclass\u001b[39m=\u001b[32m\"w-8 h-8 rounded-xl bg-gradient-to-br from-violet-500 to-pink-500 flex items-center justify-center\"\u001b[39m\n            \u001b[36m>\u001b[39m\n              \u001b[36m<svg\u001b[39m\n                \u001b[33mclass\u001b[39m=\u001b[32m\"lucide lucide-map-pin w-4 h-4 text-white\"\u001b[39m\n                \u001b[33mfill\u001b[39m=\u001b[32m\"none\"\u001b[39m\n                \u001b[33mheight\u001b[39m=\u001b[32m\"24\"\u001b[39m\n                \u001b[33mstroke\u001b[39m=\u001b[32m\"currentColor\"\u001b[39m\n                \u001b[33mstroke-linecap\u001b[39m=\u001b[32m\"round\"\u001b[39m\n                \u001b[33mstroke-linejoin\u001b[39m=\u001b[32m\"round\"\u001b[39m\n                \u001b[33mstroke-width\u001b[39m=\u001b[32m\"2\"\u001b[39m\n                \u001b[33mviewBox\u001b[39m=\u001b[32m\"0 0 24 24\"\u001b[39m\n                \u001b[33mwidth\u001b[39m=\u001b[32m\"24\"\u001b[39m\n                \u001b[33mxmlns\u001b[39m=\u001b[32m\"http://www.w3.org/2000/svg\"\u001b[39m\n              \u001b[36m>\u001b[39m\n                \u001b[36m<path\u001b[39m\n                  \u001b[33md\u001b[39m=\u001b[32m\"M20 10c0 6-8 12-8 12s-8-6-8-12a8 8 0 0 1 16 0Z\"\u001b[39m\n                \u001b[36m/>\u001b[39m\n                \u001b[36m<circle\u001b[39m\n                  \u001b[33mcx\u001b[39m=\u001b[32m\"12\"\u001b[39m\n                  \u001b[33mcy\u001b[39m=\u001b[32m\"10\"\u001b[39m\n                  \u001b[33mr\u001b[39m=\u001b[32m\"3\"\u001b[39m\n                \u001b[36m/>\u001b[39m\n              \u001b[36m</svg>\u001b[39m\n            \u001b[36m</div>\u001b[39m\n            \u001b[36m<span\u001b[39m\n              \u001b[33mclass\u001b[39m=\u001b[32m\"text-xs font-bold text-slate-400\"\u001b[39m\n            \u001b[36m>\u001b[39m\n              \u001b[0mFind a place\u001b[0m\n            \u001b[36m</span>\u001b[39m\n          \u001b[36m</div>\u001b[39m\n        \u001b[36m</div>\u001b[39m\n      \u001b[36m</div>\u001b[39m\n      \u001b[36m<div\u001b[39m\n        \u001b[33mclass\u001b[39m=\u001b[32m\"relative group\"\u001b[39m\n      \u001b[36m>\u001b[39m\n        \u001b[36m<div\u001b[39m\n          \u001b[33mclass\u001b[39m=\u001b[32m\"absolute inset-0 bg-gradient-to-r from-violet-500/20 via-pink-500/20 to-orange-500/20 rounded-2xl blur-xl opacity-0 group-focus-within:opacity-100 transition-opacity pointer-events-none\"\u001b[39m\n        \u001b[36m/>\u001b[39m\n        \u001b[36m<div\u001b[39m\n          \u001b[33mclass\u001b[39m=\u001b[32m\"relative flex items-center bg-slate-800/60 backdrop-blur-xl border border-slate-700/50 rounded-2xl transition-all focus-within:border-violet-500 focus-within:ring-2 focus-within:ring-violet-500/20\"\u001b[39m\n        \u001b[36m>\u001b[39m\n          \u001b[36m<div\u001b[39m\n            \u001b[33mclass\u001b[39m=\u001b[32m\"pl-5 pr-3\"\u001b[39m\n          \u001b[36m>\u001b[39m\n            \u001b[36m<svg\u001b[39m\n              \u001b[33mclass\u001b[39m=\u001b[32m\"lucide lucide-search w-5 h-5 text-slate-400 group-focus-within:text-violet-400 transition-colors\"\u001b[39m\n              \u001b[33mfill\u001b[39m=\u001b[32m\"none\"\u001b[39m\n              \u001b[33mheight\u001b[39m=\u001b[32m\"24\"\u001b[39m\n              \u001b[33mstroke\u001b[39m=\u001b[32m\"currentColor\"\u001b[39m\n              \u001b[33mstroke-linecap\u001b[39m=\u001b[32m\"round\"\u001b[39m\n              \u001b[33mstroke-linejoin\u001b[39m=\u001b[32m\"round\"\u001b[39m\n              \u001b[33mstroke-width\u001b[39m=\u001b[32m\"2\"\u001b[39m\n              \u001b[33mviewBox\u001b[39m=\u001b[32m\"0 0 24 24\"\u001b[39m\n              \u001b[33mwidth\u001b[39m=\u001b[32m\"24\"\u001b[39m\n              \u001b[33mxmlns\u001b[39m=\u001b[32m\"http://www.w3.org/2000/svg\"\u001b[39m\n            \u001b[36m>\u001b[39m\n              \u001b[36m<circle\u001b[39m\n                \u001b[33mcx\u001b[39m=\u001b[32m\"11\"\u001b[39m\n                \u001b[33mcy\u001b[39m=\u001b[32m\"11\"\u001b[39m\n                \u001b[33mr\u001b[39m=\u001b[32m\"8\"\u001b[39m\n              \u001b[36m/>\u001b[39m\n              \u001b[36m<path\u001b[39m\n                \u001b[33md\u001b[39m=\u001b[32m\"m21 21-4.3-4.3\"\u001b[39m\n              \u001b[36m/>\u001b[39m\n            \u001b[36m</svg>\u001b[39m\n          \u001b[36m</div>\u001b[39m\n          \u001b[36m<input\u001b[39m\n            \u001b[33maria-label\u001b[39m=\u001b[32m\"Search for a city or country\"\u001b[39m\n            \u001b[33mclass\u001b[39m=\u001b[32m\"w-full bg-transparent py-4 outline-none text-sm font-medium text-white placeholder:text-slate-500\"\u001b[39m\n            \u001b[33mplaceholder\u001b[39m=\u001b[32m\"Search cities, countries...\"\u001b[39m\n            \u001b[33mtype\u001b[39m=\u001b[32m\"text\"\u001b[39m\n            \u001b[33mvalue\u001b[39m=\u001b[32m\"\"\u001b[39m\n          \u001b[36m/>\u001b[39m\n        \u001b[36m</div>\u001b[39m\n      \u001b[36m</div>\u001b[39m\n    \u001b[36m</div>\u001b[39m\n  \u001b[36m</div>\u001b[39m\n\
[...]
[39m=\u001b[32m\"3\"\u001b[39m\n                \u001b[36m/>\u001b[39m\n              \u001b[36m</svg>\u001b[39m\n            \u001b[36m</div>\u001b[39m\n            \u001b[36m<span\u001b[39m\n              \u001b[33mclass\u001b[39m=\u001b[32m\"text-xs font-bold text-slate-400\"\u001b[39m\n            \u001b[36m>\u001b[39m\n              \u001b[0mFind a place\u001b[0m\n            \u001b[36m</span>\u001b[39m\n          \u001b[36m</div>\u001b[39m\n        \u001b[36m</div>\u001b[39m\n      \u001b[36m</div>\u001b[39m\n      \u001b[36m<div\u001b[39m\n        \u001b[33mclass\u001b[39m=\u001b[32m\"relative group\"\u001b[39m\n      \u001b[36m>\u001b[39m\n        \u001b[36m<div\u001b[39m\n          \u001b[33mclass\u001b[39m=\u001b[32m\"absolute inset-0 bg-gradient-to-r from-violet-500/20 via-pink-500/20 to-orange-500/20 rounded-2xl blur-xl opacity-0 group-focus-within:opacity-100 transition-opacity pointer-events-none\"\u001b[39m\n        \u001b[36m/>\u001b[39m\n        \u001b[36m<div\u001b[39m\n          \u001b[33mclass\u001b[39m=\u001b[32m\"relative flex items-center bg-slate-800/60 backdrop-blur-xl border border-slate-700/50 rounded-2xl transition-all focus-within:border-violet-500 focus-within:ring-2 focus-within:ring-violet-500/20\"\u001b[39m\n        \u001b[36m>\u001b[39m\n          \u001b[36m<div\u001b[39m\n            \u001b[33mclass\u001b[39m=\u001b[32m\"pl-5 pr-3\"\u001b[39m\n          \u001b[36m>\u001b[39m\n            \u001b[36m<svg\u001b[39m\n              \u001b[33mclass\u001b[39m=\u001b[32m\"lucide lucide-search w-5 h-5 text-slate-400 group-focus-within:text-violet-400 transition-colors\"\u001b[39m\n              \u001b[33mfill\u001b[39m=\u001b[32m\"none\"\u001b[39m\n              \u001b[33mheight\u001b[39m=\u001b[32m\"24\"\u001b[39m\n              \u001b[33mstroke\u001b[39m=\u001b[32m\"currentColor\"\u001b[39m\n              \u001b[33mstroke-linecap\u001b[39m=\u001b[32m\"round\"\u001b[39m\n              \u001b[33mstroke-linejoin\u001b[39m=\u001b[32m\"round\"\u001b[39m\n              \u001b[33mstroke-width\u001b[39m=\u001b[32m\"2\"\u001b[39m\n              \u001b[33mviewBox\u001b[39m=\u001b[32m\"0 0 24 24\"\u001b[39m\n              \u001b[33mwidth\u001b[39m=\u001b[32m\"24\"\u001b[39m\n              \u001b[33mxmlns\u001b[39m=\u001b[32m\"http://www.w3.org/2000/svg\"\u001b[39m\n            \u001b[36m>\u001b[39m\n              \u001b[36m<circle\u001b[39m\n                \u001b[33mcx\u001b[39m=\u001b[32m\"11\"\u001b[39m\n                \u001b[33mcy\u001b[39m=\u001b[32m\"11\"\u001b[39m\n                \u001b[33mr\u001b[39m=\u001b[32m\"8\"\u001b[39m\n              \u001b[36m/>\u001b[39m\n              \u001b[36m<path\u001b[39m\n                \u001b[33md\u001b[39m=\u001b[32m\"m21 21-4.3-4.3\"\u001b[39m\n              \u001b[36m/>\u001b[39m\n            \u001b[36m</svg>\u001b[39m\n          \u001b[36m</div>\u001b[39m\n          \u001b[36m<input\u001b[39m\n            \u001b[33maria-label\u001b[39m=\u001b[32m\"Search for a city or country\"\u001b[39m\n            \u001b[33mclass\u001b[39m=\u001b[32m\"w-full bg-transparent py-4 outline-none text-sm font-medium text-white placeholder:text-slate-500\"\u001b[39m\n            \u001b[33mplaceholder\u001b[39m=\u001b[32m\"Search cities, countries...\"\u001b[39m\n            \u001b[33mtype\u001b[39m=\u001b[32m\"text\"\u001b[39m\n            \u001b[33mvalue\u001b[39m=\u001b[32m\"\"\u001b[39m\n          \u001b[36m/>\u001b[39m\n        \u001b[36m</div>\u001b[39m\n      \u001b[36m</div>\u001b[39m\n    \u001b[36m</div>\u001b[39m\n  \u001b[36m</div>\u001b[39m\n\u001b[36m</body>\u001b[39m\n    at Object.getElementError (/Users/sawan/Desktop/is it safe copy/node_modules/@testing-library/dom/dist/config.js:37:19)\n    at /Users/sawan/Desktop/is it safe copy/node_modules/@testing-library/dom/dist/query-helpers.js:76:38\n    at /Users/sawan/Desktop/is it safe copy/node_modules/@testing-library/dom/dist/query-helpers.js:52:17\n    at /Users/sawan/Desktop/is it safe copy/node_modules/@testing-library/dom/dist/query-helpers.js:95:19\n    at /Users/sawan/Desktop/is it safe copy/src/components/SearchPanel.test.tsx:235:28\n    at file:///Users/sawan/Desktop/is%20it%20safe%20copy/node_modules/@vitest/runner/dist/chunk-artifact.js:302:11\n    at file:///Users/sawan/Desktop/is%20it%20safe%20copy/node_modules/@vitest/runner/dist/chunk-artifact.js:1903:26\n    at file:///Users/sawan/Desktop/is%20it%20safe%20copy/node_modules/@vitest/runner/dist/chunk-artifact.js:2326:20\n    at new Promise (<anonymous>)\n    at runWithCancel (file:///Users/sawan/Desktop/is%20it%20safe%20copy/node_modules/@vitest/runner/dist/chunk-artifact.js:2323:10)"],"meta":{},"tags":[]},{"ancestorTitles":["SearchPanel","Keyboard and Accessibility"],"fullName":"SearchPanel Keyboard and Accessibility opens dropdown on input focus","status":"failed","title":"opens dropdown on input focus","duration":1.3052079999999933,"failureMessages":["TestingLibraryElementError: Unable to find an element with the placeholder text of: /Search for a city or country/i\n\nIgnored nodes: comments, script, style\n\u001b[36m<body>\u001b[39m\n  \u001b[36m<div>\u001b[39m\n    \u001b[36m<div\u001b[39m\n      \u001b[33mclass\u001b[39m=\u001b[32m\"relative w-full\"\u001b[39m\n    \u001b[36m>\u001b[39m\n      \u001b[36m<div\u001b[39m\n        \u001b[33mclass\u001b[39m=\u001b[32m\"flex items-center justify-between mb-4\"\u001b[39m\n      \u001b[36m>\u001b[39m\n        \u001b[36m<div\u001b[39m\n          \u001b[33mclass\u001b[39m=\u001b[32m\"flex items-center gap-3\"\u001b[39m\n        \u001b[36m>\u001b[39m\n          \u001b[36m<div\u001b[39m\n            \u001b[33mclass\u001b[39m=\u001b[32m\"flex items-center gap-2\"\u001b[39m\n          \u001b[36m>\u001b[39m\n            \u001b[36m<div\u001b[39m\n              \u001b[33mclass\u001b[39m=\u001b[32m\"w-8 h-8 rounded-xl bg-gradient-to-br from-violet-500 to-pink-500 flex items-center justify-center\"\u001b[39m\n            \u001b[36m>\u001b[39m\n              \u001b[36m<svg\u001b[39m\n                \u001b[33mclass\u001b[39m=\u001b[32m\"lucide lucide-map-pin w-4 h-4 text-white\"\u001b[39m\n                \u001b[33mfill\u001b[39m=\u001b[32m\"none\"\u001b[39m\n                \u001b[33mheight\u001b[39m=\u001b[32m\"24\"\u001b[39m\n                \u001b[33mstroke\u001b[39m=\u001b[32m\"currentColor\"\u001b[39m\n                \u001b[33mstroke-linecap\u001b[39m=\u001b[32m\"round\"\u001b[39m\n                \u001b[33mstroke-linejoin\u001b[39m=\u001b[32m\"round\"\u001b[39m\n                \u001b[33mstroke-width\u001b[39m=\u001b[32m\"2\"\u001b[39m\n                \u001b[33mviewBox\u001b[39m=\u001b[32m\"0 0 24 24\"\u001b[39m\n                \u001b[33mwidth\u001b[39m=\u001b[32m\"24\"\u001b[39m\n                \u001b[33mxmlns\u001b[39m=\u001b[32m\"http://www.w3.org/2000/svg\"\u001b[39m\n              \u001b[36m>\u001b[39m\n                \u001b[36m<path\u001b[39m\n                  \u001b[33md\u001b[39m=\u001b[32m\"M20 10c0 6-8 12-8 12s-8-6-8-12a8 8 0 0 1 16 0Z\"\u001b[39m\n                \u001b[36m/>\u001b[39m\n                \u001b[36m<circle\u001b[39m\n                  \u001b[33mcx\u001b[39m=\u001b[32m\"12\"\u001b[39m\n                  \u001b[33mcy\u001b[39m=\u001b[32m\"10\"\u001b[39m\n                  \u001b[33mr\u001b[39m=\u001b[32m\"3\"\u001b[39m\n                \u001b[36m/>\u001b[39m\n              \u001b[36m</svg>\u001b[39m\n            \u001b[36m</div>\u001b[39m\n            \u001b[36m<span\u001b[39m\n              \u001b[33mclass\u001b[39m=\u001b[32m\"text-xs font-bold text-slate-400\"\u001b[39m\n            \u001b[36m>\u001b[39m\n              \u001b[0mFind a place\u001b[0m\n            \u001b[36m</span>\u001b[39m\n          \u001b[36m</div>\u001b[39m\n        \u001b[36m</div>\u001b[39m\n      \u001b[36m</div>\u001b[39m\n      \u001b[36m<div\u001b[39m\n        \u001b[33mclass\u001b[39m=\u001b[32m\"relative group\"\u001b[39m\n      \u001b[36m>\u001b[39m\n        \u001b[36m<div\u001b[39m\n          \u001b[33mclass\u001b[39m=\u001b[32m\"absolute inset-0 bg-gradient-to-r from-violet-500/20 via-pink-500/20 to-orange-500/20 rounded-2xl blur-xl opacity-0 group-focus-within:opacity-100 transition-opacity pointer-events-none\"\u001b[39m\n        \u001b[36m/>\u001b[39m\n        \u001b[36m<div\u001b[39m\n          \u001b[33mclass\u001b[39m=\u001b[32m\"relative flex items-center bg-slate-800/60 backdrop-blur-xl border border-slate-700/50 rounded-2xl transition-all focus-within:border-violet-500 focus-within:ring-2 focus-within:ring-violet-500/20\"\u001b[39m\n        \u001b[36m>\u001b[39m\n          \u001b[36m<div\u001b[39m\n            \u001b[33mclass\u001b[39m=\u001b[32m\"pl-5 pr-3\"\u001b[39m\n          \u001b[36m>\u001b[39m\n            \u001b[36m<svg\u001b[39m\n              \u001b[33mclass\u001b[39m=\u001b[32m\"lucide lucide-search w-5 h-5 text-slate-400 group-focus-within:text-violet-400 transition-colors\"\u001b[39m\n              \u001b[33mfill\u001b[39m=\u001b[32m\"none\"\u001b[39m\n              \u001b[33mheight\u001b[39m=\u001b[32m\"24\"\u001b[39m\n              \u001b[33mstroke\u001b[39m=\u001b[32m\"currentColor\"\u001b[39m\n              \u001b[33mstroke-linecap\u001b[39m=\u001b[32m\"round\"\u001b[39m\n              \u001b[33mstroke-linejoin\u001b[39m=\u001b[32m\"round\"\u001b[39m\n              \u001b[33mstroke-width\u001b[39m=\u001b[32m\"2\"\u001b[39m\n              \u001b[33mviewBox\u001b[39m=\u001b[32m\"0 0 24 24\"\u001b[39m\n              \u001b[33mwidth\u001b[39m=\u001b[32m\"24\"\u001b[39m\n              \u001b[33mxmlns\u001b[39m=\u001b[32m\"http://www.w3.org/2000/svg\"\u001b[39m\n            \u001b[36m>\u001b[39m\n              \u001b[36m<circle\u001b[39m\n                \u001b[33mcx\u001b[39m=\u001b[32m\"11\"\u001b[39m\n                \u001b[33mcy\u001b[39m=\u001b[32m\"11\"\u001b[39m\n                \u001b[33mr\u001b[39m=\u001b[32m\"8\"\u001b[39m\n              \u001b[36m/>\u001b[39m\n              \u001b[36m<path\u001b[39m\n                \u001b[33md\u001b[39m=\u001b[32m\"m21 21-4.3-4.3\"\u001b[39m\n              \u001b[36m/>\u001b[39m\n            \u001b[36m</svg>\u001b[39m\n          \u001b[36m</div>\u001b[39m\n          \u001b[36m<input\u001b[39m\n            \u001b[33maria-label\u001b[39m=\u001b[32m\"Search for a city or country\"\u001b[39m\n            \u001b[33mclass\u001b[39m=\u001b[32m\"w-full bg-transparent py-4 outline-none text-sm font-medium text-white placeholder:text-slate-500\"\u001b[39m\n            \u001b[33mplaceholder\u001b[39m=\u001b[32m\"Search cities, countries...\"\u001b[39m\n            \u001b[33mtype\u001b[39m=\u001b[32m\"text\"\u001b[39m\n            \u001b[33mvalue\u001b[39m=\u001b[32m\"\"\u001b[39m\n          \u001b[36m/>\u001b[39m\n        \u001b[36m</div>\u001b[39m\n      \u001b[36m</div>\u001b[39m\n    \u001b[36m</div>\u001b[39m\n  \u001b[36m</div>\u001b[39m\n\u001b[36m</body>\u001b[39m\n    at Object.getElementError (/Users/sawan/Desktop/is it safe copy/node_modules/@testing-library/dom/dist/config.js:37:19)\n    at /Users/sawan/Desktop/is it safe copy/node_modules/@testing-library/dom/dist/query-helpers.js:76:38\n    at /Users/sawan/Desktop/is it safe copy/node_modules/@testing-library/dom/dist/query-helpers.js:52:17\n    at /Users/sawan/Desktop/is it safe copy/node_modules/@testing-library/dom/dist/query-helpers.js:95:19\n    at /Users/sawan/Desktop/is it safe copy/src/components/SearchPanel.test.tsx:249:28\n    at file:///Users/sawan/Desktop/is%20it%20safe%20copy/node_modules/@vitest/runner/dist/chunk-artifact.js:302:11\n    at file:///Users/sawan/Desktop/is%20it%20safe%20copy/node_modules/@vitest/runner/dist/chunk-artifact.js:1903:26\n    at file:///Users/sawan/Desktop/is%20it%20safe%20copy/node_modules/@vitest/runner/dist/chunk-artifact.js:2326:20\n    at new Promise (<anonymous>)\n    at runWithCancel (file:///Users/sawan/Desktop/is%20it%20safe%20copy/node_modules/@vitest/runner/dist/chunk-artifact.js:2323:10)"],"meta":{},"tags":[]},{"ancestorTitles":["SearchPanel","Origin Country Selection"],"fullName":"SearchPanel Origin Country Selection renders origin country options","status":"failed","title":"renders origin country options","duration":9.598249999999894,"failureMessages":["TestingLibraryElementError: Unable to find an accessible element with the role \"combobox\"\n\nHere are the accessible roles:\n\n  textbox:\n\n  Name \"Search for a city or country\":\n  \u001b[36m<input\u001b[39m\n    \u001b[33maria-label\u001b[39m=\u001b[32m\"Search for a city or country\"\u001b[39m\n    \u001b[33mclass\u001b[39m=\u001b[32m\"w-full bg-transparent py-4 outline-none text-sm font-medium text-white placeholder:text-slate-500\"\u001b[39m\n    \u001b[33mplaceholder\u001b[39m=\u001b[32m\"Search cities, countries...\"\u001b[39m\n    \u001b[33mtype\u001b[39m=\u001b[32m\"text\"\u001b[39m\n    \u001b[33mvalue\u001b[39m=\u001b[32m\"\"\u001b[39m\n  \u001b[36m/>\u001b[39m\n\n  --------------------------------------------------\n\nIgnored nodes: comments, script, style\n\u001b[36m<body>\u001b[39m\n  \u001b[36m<div>\u001b[39m\n    \u001b[36m<div\u001b[39m\n      \u001b[33mclass\u001b[39m=\u001b[32m\"relative w-full\"\u001b[39m\n    \u001b[36m>\u001b[39m\n      \u001b[36m<div\u001b[39m\n        \u001b[33mclass\u001b[39m=\u001b[32m\"flex items-center justify-between mb-4\"\u001b[39m\n      \u001b[36m>\u001b[39m\n        \u001b[36m<div\u001b[39m\n          \u001b[33mclass\u001b[39m=\u001b[32m\"flex items-center gap-3\"\u001b[39m\n        \u001b[36m>\u001b[39m\n          \u001b[36m<div\u001b[39m\n            \u001b[33mclass\u001b[39m=\u001b[32m\"flex items-center gap-2\"\u001b[39m\n          \u001b[36m>\u001b[39m\n            \u001b[36m<div\u001b[39m\n              \u001b[33mclass\u001b[39m=\u001b[32m\"w-8 h-8 rounded-xl bg-gradient-to-br from-violet-500 to-pink-500 flex items-center justify-center\"\u001b[39m\n            \u001b[36m>\u001b[39m\n              \u001b[36m<svg\u001b[39m\n                \u001b[33mclass\u001b[39m=\u001b[32m\"lucide lucide-map-pin w-4 h-4 text-white\"\u001b[39m\n                \u001b[33mfill\u001b[39m=\u001b[32m\"none\"\u001b[39m\n                \u001b[33mheight\u001b[39m=\u001b[32m\"24\"\u001b[39m\n                \u001b[33mstroke\u001b[39m=\u001b[32m\"currentColor\"\u001b[39m\n                \u001b[33mstroke-linecap\u001b[39m=\u001b[32m\"round\"\u001b[39m\n                \u001b[33mstroke-linejoin\u001b[39m=\u001b[32m\"round\"\u001b[39m\n                \u001b[33mstroke-width\u001b[39m=\u001b[32m\"2\"\u001b[39m\n                \u001b[33mviewBox\u001b[39m=\u001b[32m\"0 0 24 24\"\u001b[39m\n                \u001b[33mwidth\u001b[39m=\u001b[32m\"24\"\u001b[39m\n                \u001b[33mxmlns\u001b[39m=\u001b[32m\"http://www.w3.org/2000/svg\"\u001b[39m\n              \u001b[36m>\u001b[39m\n                \u001b[36m<path\u001b[39m\n                  \u001b[33md\u001b[39m=\u001b[32m\"M20 10c0 6-8 12-8 12s-8-6-8-12a8 8 0 0 1 16 0Z\"\u001b[39m\n                \u001b[36m/>\u001b[39m\n                \u001b[36m<circle\u001b[39m\n                  \u001b[33mcx\u001b[39m=\u001b[32m\"12\"\u001b[39m\n                  \u001b[33mcy\u001b[39m=\u001b[32m\"10\"\u001b[39m\n                  \u001b[33mr\u001b[39m=\u001b[32m\"3\"\u001b[39m\n                \u001b[36m/>\u001b[39m\n              \u001b[36m</svg>\u001b[39m\n            \u001b[36m</div>\u001b[39m\n            \u001b[36m<span\u001b[39m\n              \u001b[33mclass\u001b[39m=\u001b[32m\"text-xs font-bold text-slate-400\"\u001b[39m\n            \u001b[36m>\u001b[39m\n              \u001b[0mFind a place\u001b[0m\n            \u001b[36m</span>\u001b[39m\n          \u001b[36m</div>\u001b[39m\n        \u001b[36m</div>\u001b[39m\n      \u001b[36m</div>\u001b[39m\n      \u001b[36m<div\u001b[39m\n        \u001b[33mclass\u001b[39m=\u001b[32m\"relative group\"\u001b[39m\n      \u001b[36m>\u001b[39m\n        \u001b[36m<div\u001b[39m\n          \u001b[33mclass\u001b[39m=\u001b[32m\"absolute inset-0 bg-gradient-to-r from-violet-500/20 via-pink-500/20 to-orange-500/20 rounded-2xl blur-xl opacity-0 group-focus-within:opacity-100 transition-opacity pointer-events-none\"\u001b[39m\n        \u001b[36m/>\u001b[39m\n        \u001b[36m<div\u001b[39m\n          \u001b[33mclass\u001b[39m=\u001b[32m\"relative flex items-center bg-slate-800/60 backdrop-blur-xl border border-slate-700/50 rounded-2xl transition-all focus-within:border-violet-500 focus-within:ring-2 focus-within:ring-violet-500/20\"\u001b[39m\n        \u001b[36m>\u001b[39m\n          \u001b[36m<div\u001b[39m\n            \u001b[33mclass\u001b[39m=\u001b[32m\"pl-5 pr-3\"\u001b[39m\n          \u001b[36m>\u001b[39m\n            \u001b[36m<svg\u001b[39m\n              \u001b[33mclass\u001b[39m=\u001b[32m\"lucide lucide-search w-5 h-5 text-slate-400 group-focus-within:text-violet-400 transition-colors\"\u001b[39m\n              \u001b[33mfill\u001b[39m=\u001b[32m\"none\"\u001b[39m\n              \u001b[33mheight\u001b[39m=\u001b[32m\"24\"\u001b[39m\n              \u001b[33mstroke\u001b[39m=\u001b[32m\"currentColor\"\u001b[39m\n              \u001b[33mstroke-linecap\u001b[39m=\u001b[32m\"round\"\u001b[39m\n              \u001b[33mstroke-linejoin\u001b[39m=\u001b[32m\"round\"\u001b[39m\n              \u001b[33mstroke-width\u001b[39m=\u001b[32m\"2\"\u001b[39m\n              \u001b[33mviewBox\u001b[39m=\u001b[32m\"0 0 24 24\"\u001b[39m\n              \u001b[33mwidth\u001b[39m=\u001b[32m\"24\"\u001b[39m\n              \u001b[33mxmlns\u001b[39m=\u001b[32m\"http://www.w3.org/2000/svg\"\u001b[39m\n            \u001b[36m>\u001b[39m\n              \u001b[36m<circle\u001b[39m\n                \u001b[33mcx\u001b[39m=\u001b[32m\"11\"\u001b[39m\n                \u001b[33mcy\u001b[39m=\u001b[32m\"11\"\u001b[39m\n                \u001b[33mr\u001b[39m=\u001b[32m\"8\"\u001b[39m\n              \u001b[36m/>\u001b[39m\n              \u001b[36m<path\u001b[39m\n                \u001b[33md\u001b[39m=\u001b[32m\"m21 21-4.3-4.3\"\u001b[39m\n              \u001b[36m/>\u001b[39m\n            \u001b[36m</svg>\u001b[39m\n          \u001b[36m</div>\u001b[39m\n          \u001b[36m<input\u001b[39m\n            \u001b[33maria-label\u001b[39m=\u001b[32m\"Search for a city or country\"\u001b[39m\n            \u001b[33mclass\u001b[39m=\u001b[32m\"w-full bg-transparent py-4 outline-none text-sm font-medium text-white placeholder:text-slate-500\"\u001b[39m\n            \u001b[33mplaceholder\u001b[39m=\u001b[32m\"Search cities, countries...\"\u001b[39m\n            \u001b[33mtype\u001b[39m=\u001b[32m\"text\"\u001b[39m\n            \u001b[33mvalue\u001b[39m=\u001b[32m\"\"\u001b[39m\n          \u001b[36m/>\u001b[39m\n        \u001b[36m</div>\u001b[39m\n      \u001b[36m</div>\u001b[39m\n    \u001b[36m</div>\u001b[39m\n  \u001b[36m</div>\u001b[39m\n\u001b[36m</body>\u001b[39m\n    at Object.getElementError (/Users/sawan/Desktop/is it safe copy/node_modules/@testing-library/dom/dist/config.js:37:19)\n    at /Users/sawan/Desktop/is it safe copy/node_modules/@testing-library/dom/dist/query-helpers.js:76:38\n    at /Users/sawan/Desktop/is it safe copy/node_modules/@testing-library/dom/dist/query-helpers.js:52:17\n    at /Users/sawan/Desktop/is it safe copy/node_modules/@testing-library/dom/dist/query-helpers.js:95:19\n    at /Users/sawan/Desktop/is it safe copy/src/components/SearchPanel.test.tsx:260:29\n    at file:///Users/sawan/Desktop/is%20it%20safe%20copy/node_modules/@vitest/runner/dist/chunk-artifact.js:302:11\n    at file:///Users/sawan/Desktop/is%20it%20safe%20copy/node_modules/@vitest/runner/dist/chunk-artifact.js:1903:26\n    at file:///Users/sawan/Desktop/is%20it%20safe%20copy/node_modules/@vitest/runner/dist/chunk-artifact.js:2326:20\n    at new Promise (<anonymous>)\n    at runWithCancel (file:///Users/sawan/Desktop/is%20it%20safe%20copy/node_modules/@vitest/runner/dist/chunk-artifact.js:2323:10)"],"meta":{},"tags":[]}],"startTime":1775737373606,"endTime":1775737373720.5981,"status":"failed","message":"","name":"/Users/sawan/Desktop/is it safe copy/src/components/SearchPanel.test.tsx"}]}
